[0904/105207.050:ERROR:filesystem_win.cc(129)] GetFileAttributes C:\Users\ANJI\AppData\Local\Google\Chrome Beta\User Data\Crashpad\attachments\0149c0e4-309a-43d9-86ba-8f4e54f28d61: The system cannot find the path specified. (0x3)
[0904/105207.074:ERROR:filesystem_win.cc(129)] GetFileAttributes C:\Users\ANJI\AppData\Local\Google\Chrome Beta\User Data\Crashpad\attachments\01feaa41-1c21-4278-83a5-ce749e9e055f: The system cannot find the path specified. (0x3)
[0904/105207.104:ERROR:filesystem_win.cc(129)] GetFileAttributes C:\Users\ANJI\AppData\Local\Google\Chrome Beta\User Data\Crashpad\attachments\02edf9da-58a3-4a63-8c40-038f594a6fd3: The system cannot find the path specified. (0x3)
[0904/105207.110:ERROR:filesystem_win.cc(129)] GetFileAttributes C:\Users\ANJI\AppData\Local\Google\Chrome Beta\User Data\Crashpad\attachments\038de907-c266-4f6b-8e86-dbbf33a005c1: The system cannot find the path specified. (0x3)
[0904/105207.121:ERROR:filesystem_win.cc(129)] GetFileAttributes C:\Users\ANJI\AppData\Local\Google\Chrome Beta\User Data\Crashpad\attachments\03e34291-fbb4-4a72-bd5d-fe612ed0a719: The system cannot find the path specified. (0x3)
[0904/105207.150:ERROR:filesystem_win.cc(129)] GetFileAttributes C:\Users\ANJI\AppData\Local\Google\Chrome Beta\User Data\Crashpad\attachments\0511cd0a-edc2-4f4c-a624-c56670bf6072: The system cannot find the path specified. (0x3)
[0904/105207.165:ERROR:filesystem_win.cc(129)] GetFileAttributes C:\Users\ANJI\AppData\Local\Google\Chrome Beta\User Data\Crashpad\attachments\061ddb5f-d401-424b-8bc8-0355639052ac: The system cannot find the path specified. (0x3)
[0904/105207.178:ERROR:filesystem_win.cc(129)] GetFileAttributes C:\Users\ANJI\AppData\Local\Google\Chrome Beta\User Data\Crashpad\attachments\0639c4fc-3fd7-4960-abdf-a2211106566b: The system cannot find the path specified. (0x3)
[0904/105207.183:ERROR:filesystem_win.cc(129)] GetFileAttributes C:\Users\ANJI\AppData\Local\Google\Chrome Beta\User Data\Crashpad\attachments\0664880f-6d6c-40fc-aef2-6144b76c34d2: The system cannot find the path specified. (0x3)
[0904/105207.197:ERROR:filesystem_win.cc(129)] GetFileAttributes C:\Users\ANJI\AppData\Local\Google\Chrome Beta\User Data\Crashpad\attachments\069d39bc-e6d0-47f5-a613-dd89446419da: The system cannot find the path specified. (0x3)
[0904/105207.211:ERROR:filesystem_win.cc(129)] GetFileAttributes C:\Users\ANJI\AppData\Local\Google\Chrome Beta\User Data\Crashpad\attachments\074987b5-1064-44b4-b0c3-f06e19bb6c7e: The system cannot find the path specified. (0x3)
[0904/105207.226:ERROR:filesystem_win.cc(129)] GetFileAttributes C:\Users\ANJI\AppData\Local\Google\Chrome Beta\User Data\Crashpad\attachments\0775236a-fec7-44d1-9700-08f32517c15b: The system cannot find the path specified. (0x3)
[0904/105207.235:ERROR:filesystem_win.cc(129)] GetFileAttributes C:\Users\ANJI\AppData\Local\Google\Chrome Beta\User Data\Crashpad\attachments\07b4f9dc-00dc-48a7-849b-7c004965dc43: The system cannot find the path specified. (0x3)
[0904/105207.246:ERROR:filesystem_win.cc(129)] GetFileAttributes C:\Users\ANJI\AppData\Local\Google\Chrome Beta\User Data\Crashpad\attachments\09c8784f-5b78-4ea5-91fe-f2f697d55a52: The system cannot find the path specified. (0x3)
[0904/105207.252:ERROR:filesystem_win.cc(129)] GetFileAttributes C:\Users\ANJI\AppData\Local\Google\Chrome Beta\User Data\Crashpad\attachments\09dafbf6-db53-41d2-aedf-3661bec46c66: The system cannot find the path specified. (0x3)
[0904/105207.261:ERROR:filesystem_win.cc(129)] GetFileAttributes C:\Users\ANJI\AppData\Local\Google\Chrome Beta\User Data\Crashpad\attachments\0ad79415-a706-4957-b64c-e8117f0b8a3b: The system cannot find the path specified. (0x3)
[0904/105207.279:ERROR:filesystem_win.cc(129)] GetFileAttributes C:\Users\ANJI\AppData\Local\Google\Chrome Beta\User Data\Crashpad\attachments\0bdddd60-b11d-4239-bf53-0c742cff9ff5: The system cannot find the path specified. (0x3)
[0904/105207.298:ERROR:filesystem_win.cc(129)] GetFileAttributes C:\Users\ANJI\AppData\Local\Google\Chrome Beta\User Data\Crashpad\attachments\0c99f4a3-3fd6-4f72-88e2-7ecd0bf6b09e: The system cannot find the path specified. (0x3)
[0904/105207.312:ERROR:filesystem_win.cc(129)] GetFileAttributes C:\Users\ANJI\AppData\Local\Google\Chrome Beta\User Data\Crashpad\attachments\0d364000-0adb-41d5-bea3-1c2cf9f7645a: The system cannot find the path specified. (0x3)
[0904/105207.322:ERROR:filesystem_win.cc(129)] GetFileAttributes C:\Users\ANJI\AppData\Local\Google\Chrome Beta\User Data\Crashpad\attachments\0d6b3a54-84a4-4502-97cf-ba26921a83a2: The system cannot find the path specified. (0x3)
[0904/105207.339:ERROR:filesystem_win.cc(129)] GetFileAttributes C:\Users\ANJI\AppData\Local\Google\Chrome Beta\User Data\Crashpad\attachments\0e1533e2-635b-487d-b906-979bda95e1ab: The system cannot find the path specified. (0x3)
[0904/105207.341:ERROR:filesystem_win.cc(129)] GetFileAttributes C:\Users\ANJI\AppData\Local\Google\Chrome Beta\User Data\Crashpad\attachments\0f1fe275-37a3-4d90-b95d-2bce7e1d942b: The system cannot find the path specified. (0x3)
[0904/105207.381:ERROR:filesystem_win.cc(129)] GetFileAttributes C:\Users\ANJI\AppData\Local\Google\Chrome Beta\User Data\Crashpad\attachments\11f3c716-9a21-487c-a9ab-e48671277926: The system cannot find the path specified. (0x3)
[0904/105207.396:ERROR:filesystem_win.cc(129)] GetFileAttributes C:\Users\ANJI\AppData\Local\Google\Chrome Beta\User Data\Crashpad\attachments\1281dfde-89d5-4d95-91af-65414aff6ef2: The system cannot find the path specified. (0x3)
[0904/105207.398:ERROR:filesystem_win.cc(129)] GetFileAttributes C:\Users\ANJI\AppData\Local\Google\Chrome Beta\User Data\Crashpad\attachments\12a72ead-ffc1-4817-8e19-3377d9f68e61: The system cannot find the path specified. (0x3)
[0904/105207.420:ERROR:filesystem_win.cc(129)] GetFileAttributes C:\Users\ANJI\AppData\Local\Google\Chrome Beta\User Data\Crashpad\attachments\12e03421-2766-4a1b-840d-57c409d92ea0: The system cannot find the path specified. (0x3)
[0904/105207.431:ERROR:filesystem_win.cc(129)] GetFileAttributes C:\Users\ANJI\AppData\Local\Google\Chrome Beta\User Data\Crashpad\attachments\14bd8cd0-f3a8-4fcc-b6e3-b1677d0e6b0a: The system cannot find the path specified. (0x3)
[0904/105207.439:ERROR:filesystem_win.cc(129)] GetFileAttributes C:\Users\ANJI\AppData\Local\Google\Chrome Beta\User Data\Crashpad\attachments\1560a779-3dda-4481-b4eb-0d4e76dea331: The system cannot find the path specified. (0x3)
[0904/105207.450:ERROR:filesystem_win.cc(129)] GetFileAttributes C:\Users\ANJI\AppData\Local\Google\Chrome Beta\User Data\Crashpad\attachments\15e658ad-4660-4818-ba34-5af58050dd52: The system cannot find the path specified. (0x3)
[0904/105207.519:ERROR:filesystem_win.cc(129)] GetFileAttributes C:\Users\ANJI\AppData\Local\Google\Chrome Beta\User Data\Crashpad\attachments\168a6d7f-e494-472a-b4f8-4301f5c2be5c: The system cannot find the path specified. (0x3)
[0904/105207.529:ERROR:filesystem_win.cc(129)] GetFileAttributes C:\Users\ANJI\AppData\Local\Google\Chrome Beta\User Data\Crashpad\attachments\17e9e15f-7029-4972-8d7b-f4e86c93bd1b: The system cannot find the path specified. (0x3)
[0904/105207.581:ERROR:filesystem_win.cc(129)] GetFileAttributes C:\Users\ANJI\AppData\Local\Google\Chrome Beta\User Data\Crashpad\attachments\1871f724-524d-4154-a8b4-2fe6a2a9f1d3: The system cannot find the path specified. (0x3)
[0904/105207.594:ERROR:filesystem_win.cc(129)] GetFileAttributes C:\Users\ANJI\AppData\Local\Google\Chrome Beta\User Data\Crashpad\attachments\18f5c883-ce74-440a-8471-b6a8c516775d: The system cannot find the path specified. (0x3)
[0904/105207.599:ERROR:filesystem_win.cc(129)] GetFileAttributes C:\Users\ANJI\AppData\Local\Google\Chrome Beta\User Data\Crashpad\attachments\1957fa7c-6ec1-4230-a03f-fec20cb5c50a: The system cannot find the path specified. (0x3)
[0904/105207.600:ERROR:filesystem_win.cc(129)] GetFileAttributes C:\Users\ANJI\AppData\Local\Google\Chrome Beta\User Data\Crashpad\attachments\197c082b-4439-41a6-a709-f7461794f678: The system cannot find the path specified. (0x3)
[0904/105207.605:ERROR:filesystem_win.cc(129)] GetFileAttributes C:\Users\ANJI\AppData\Local\Google\Chrome Beta\User Data\Crashpad\attachments\1a051533-d15a-49f2-8e00-dcda35ca0ca0: The system cannot find the path specified. (0x3)
[0904/105207.616:ERROR:filesystem_win.cc(129)] GetFileAttributes C:\Users\ANJI\AppData\Local\Google\Chrome Beta\User Data\Crashpad\attachments\1b14099c-fb36-4a28-ae63-5433c0902b21: The system cannot find the path specified. (0x3)
[0904/105207.666:ERROR:filesystem_win.cc(129)] GetFileAttributes C:\Users\ANJI\AppData\Local\Google\Chrome Beta\User Data\Crashpad\attachments\1c2258b8-902f-4d2d-b9be-7ea6cbc2c69a: The system cannot find the path specified. (0x3)
[0904/105207.685:ERROR:filesystem_win.cc(129)] GetFileAttributes C:\Users\ANJI\AppData\Local\Google\Chrome Beta\User Data\Crashpad\attachments\1c7d59d9-9557-400c-b6ec-f996970a8682: The system cannot find the path specified. (0x3)
[0904/105207.689:ERROR:filesystem_win.cc(129)] GetFileAttributes C:\Users\ANJI\AppData\Local\Google\Chrome Beta\User Data\Crashpad\attachments\1ce63e82-6eb8-4f53-b06a-f203c1ba3b17: The system cannot find the path specified. (0x3)
[0904/105207.706:ERROR:filesystem_win.cc(129)] GetFileAttributes C:\Users\ANJI\AppData\Local\Google\Chrome Beta\User Data\Crashpad\attachments\1e20041b-8adb-4241-a9b9-1aa4b96592db: The system cannot find the path specified. (0x3)
[0904/105207.713:ERROR:filesystem_win.cc(129)] GetFileAttributes C:\Users\ANJI\AppData\Local\Google\Chrome Beta\User Data\Crashpad\attachments\1e888f66-6e05-49ee-88b6-7be8d9a086cc: The system cannot find the path specified. (0x3)
[0904/105207.726:ERROR:filesystem_win.cc(129)] GetFileAttributes C:\Users\ANJI\AppData\Local\Google\Chrome Beta\User Data\Crashpad\attachments\1f0b07fc-a8ce-4bb7-8617-c34b96b37aa2: The system cannot find the path specified. (0x3)
[0904/105207.746:ERROR:filesystem_win.cc(129)] GetFileAttributes C:\Users\ANJI\AppData\Local\Google\Chrome Beta\User Data\Crashpad\attachments\1f6ae66a-4a4d-4b38-a355-6804485682f0: The system cannot find the path specified. (0x3)
[0904/105207.774:ERROR:filesystem_win.cc(129)] GetFileAttributes C:\Users\ANJI\AppData\Local\Google\Chrome Beta\User Data\Crashpad\attachments\1fc7e5b1-d788-4087-8227-3314306b4142: The system cannot find the path specified. (0x3)
[0904/105207.783:ERROR:filesystem_win.cc(129)] GetFileAttributes C:\Users\ANJI\AppData\Local\Google\Chrome Beta\User Data\Crashpad\attachments\2020b757-83e6-4856-80b7-b92f7ded3601: The system cannot find the path specified. (0x3)
[0904/105207.810:ERROR:filesystem_win.cc(129)] GetFileAttributes C:\Users\ANJI\AppData\Local\Google\Chrome Beta\User Data\Crashpad\attachments\214c89f6-dea5-4c8d-a6e9-274bdd14f194: The system cannot find the path specified. (0x3)
[0904/105207.825:ERROR:filesystem_win.cc(129)] GetFileAttributes C:\Users\ANJI\AppData\Local\Google\Chrome Beta\User Data\Crashpad\attachments\22587c75-5c68-421a-be1e-365817bb8b3e: The system cannot find the path specified. (0x3)
[0904/105207.830:ERROR:filesystem_win.cc(129)] GetFileAttributes C:\Users\ANJI\AppData\Local\Google\Chrome Beta\User Data\Crashpad\attachments\2295e218-0ca4-4bd2-8217-837791f0e2c2: The system cannot find the path specified. (0x3)
[0904/105207.855:ERROR:filesystem_win.cc(129)] GetFileAttributes C:\Users\ANJI\AppData\Local\Google\Chrome Beta\User Data\Crashpad\attachments\22962604-c36e-45c9-a0e3-a714698bdf6a: The system cannot find the path specified. (0x3)
[0904/105207.866:ERROR:filesystem_win.cc(129)] GetFileAttributes C:\Users\ANJI\AppData\Local\Google\Chrome Beta\User Data\Crashpad\attachments\24f78d9d-f71f-436d-b909-7c9b0b999f73: The system cannot find the path specified. (0x3)
[0904/105207.877:ERROR:filesystem_win.cc(129)] GetFileAttributes C:\Users\ANJI\AppData\Local\Google\Chrome Beta\User Data\Crashpad\attachments\2561caf3-44a6-4d0c-86f7-64d92b75b3cd: The system cannot find the path specified. (0x3)
[0904/105207.889:ERROR:filesystem_win.cc(129)] GetFileAttributes C:\Users\ANJI\AppData\Local\Google\Chrome Beta\User Data\Crashpad\attachments\25c4be7b-b0c2-4b45-a5f4-0c278e2b9803: The system cannot find the path specified. (0x3)
[0904/105207.895:ERROR:filesystem_win.cc(129)] GetFileAttributes C:\Users\ANJI\AppData\Local\Google\Chrome Beta\User Data\Crashpad\attachments\261c0f17-17a4-4ceb-9715-f09921029d09: The system cannot find the path specified. (0x3)
[0904/105207.899:ERROR:filesystem_win.cc(129)] GetFileAttributes C:\Users\ANJI\AppData\Local\Google\Chrome Beta\User Data\Crashpad\attachments\264925a9-c624-4a24-92e9-85400a3b6d8a: The system cannot find the path specified. (0x3)
[0904/105207.912:ERROR:filesystem_win.cc(129)] GetFileAttributes C:\Users\ANJI\AppData\Local\Google\Chrome Beta\User Data\Crashpad\attachments\2907462b-e322-4d73-9a70-ce96e7f86b84: The system cannot find the path specified. (0x3)
[0904/105207.918:ERROR:filesystem_win.cc(129)] GetFileAttributes C:\Users\ANJI\AppData\Local\Google\Chrome Beta\User Data\Crashpad\attachments\2a61bdda-c00d-4f3d-8ac1-b85da385a622: The system cannot find the path specified. (0x3)
[0904/105207.928:ERROR:filesystem_win.cc(129)] GetFileAttributes C:\Users\ANJI\AppData\Local\Google\Chrome Beta\User Data\Crashpad\attachments\2bee0d36-13dd-414e-89f7-e5d193ce5eb0: The system cannot find the path specified. (0x3)
[0904/105207.936:ERROR:filesystem_win.cc(129)] GetFileAttributes C:\Users\ANJI\AppData\Local\Google\Chrome Beta\User Data\Crashpad\attachments\2c4df0d2-c3eb-432c-a872-751e9bd498e4: The system cannot find the path specified. (0x3)
[0904/105207.943:ERROR:filesystem_win.cc(129)] GetFileAttributes C:\Users\ANJI\AppData\Local\Google\Chrome Beta\User Data\Crashpad\attachments\2c731158-6afb-4bb9-a9ee-8150b734aa00: The system cannot find the path specified. (0x3)
[0904/105207.954:ERROR:filesystem_win.cc(129)] GetFileAttributes C:\Users\ANJI\AppData\Local\Google\Chrome Beta\User Data\Crashpad\attachments\2d125918-99ca-4b5e-960f-f54cad37e83b: The system cannot find the path specified. (0x3)
[0904/105207.971:ERROR:filesystem_win.cc(129)] GetFileAttributes C:\Users\ANJI\AppData\Local\Google\Chrome Beta\User Data\Crashpad\attachments\2d90bb5b-5e8a-4ad0-b1af-001df04d2b8a: The system cannot find the path specified. (0x3)
[0904/105207.983:ERROR:filesystem_win.cc(129)] GetFileAttributes C:\Users\ANJI\AppData\Local\Google\Chrome Beta\User Data\Crashpad\attachments\2e284897-6d93-4c1a-b130-5bec5ba0966b: The system cannot find the path specified. (0x3)
[0904/105207.997:ERROR:filesystem_win.cc(129)] GetFileAttributes C:\Users\ANJI\AppData\Local\Google\Chrome Beta\User Data\Crashpad\attachments\2e372e85-97fb-4c35-9907-0a66debaa0d8: The system cannot find the path specified. (0x3)
[0904/105208.004:ERROR:filesystem_win.cc(129)] GetFileAttributes C:\Users\ANJI\AppData\Local\Google\Chrome Beta\User Data\Crashpad\attachments\2e5042ed-479c-4887-a402-a895f59a86ec: The system cannot find the path specified. (0x3)
[0904/105208.022:ERROR:filesystem_win.cc(129)] GetFileAttributes C:\Users\ANJI\AppData\Local\Google\Chrome Beta\User Data\Crashpad\attachments\2e91e289-79cb-4843-8fc7-7bc6f5fd49af: The system cannot find the path specified. (0x3)
[0904/105208.047:ERROR:filesystem_win.cc(129)] GetFileAttributes C:\Users\ANJI\AppData\Local\Google\Chrome Beta\User Data\Crashpad\attachments\2efabecf-5f15-4180-bcd7-0021a962c229: The system cannot find the path specified. (0x3)
[0904/105208.064:ERROR:filesystem_win.cc(129)] GetFileAttributes C:\Users\ANJI\AppData\Local\Google\Chrome Beta\User Data\Crashpad\attachments\2fabbde6-751f-4ea9-8105-4a5a12b19c7e: The system cannot find the path specified. (0x3)
[0904/105208.072:ERROR:filesystem_win.cc(129)] GetFileAttributes C:\Users\ANJI\AppData\Local\Google\Chrome Beta\User Data\Crashpad\attachments\30847974-bec1-45c0-b2b8-cf267b078619: The system cannot find the path specified. (0x3)
[0904/105208.079:ERROR:filesystem_win.cc(129)] GetFileAttributes C:\Users\ANJI\AppData\Local\Google\Chrome Beta\User Data\Crashpad\attachments\3134ee81-2089-4863-acdc-72742e172709: The system cannot find the path specified. (0x3)
[0904/105208.100:ERROR:filesystem_win.cc(129)] GetFileAttributes C:\Users\ANJI\AppData\Local\Google\Chrome Beta\User Data\Crashpad\attachments\32fe4e23-4a9d-41bd-8327-5dbb7fea5952: The system cannot find the path specified. (0x3)
[0904/105208.117:ERROR:filesystem_win.cc(129)] GetFileAttributes C:\Users\ANJI\AppData\Local\Google\Chrome Beta\User Data\Crashpad\attachments\34b22778-2d53-479e-9558-ce0a1135b3da: The system cannot find the path specified. (0x3)
[0904/105208.128:ERROR:filesystem_win.cc(129)] GetFileAttributes C:\Users\ANJI\AppData\Local\Google\Chrome Beta\User Data\Crashpad\attachments\34ff9d0a-e1f3-4d23-9737-cc35fc3d79f4: The system cannot find the path specified. (0x3)
[0904/105208.140:ERROR:filesystem_win.cc(129)] GetFileAttributes C:\Users\ANJI\AppData\Local\Google\Chrome Beta\User Data\Crashpad\attachments\351f3898-5447-4aa2-9340-b3f7870e041a: The system cannot find the path specified. (0x3)
[0904/105208.147:ERROR:filesystem_win.cc(129)] GetFileAttributes C:\Users\ANJI\AppData\Local\Google\Chrome Beta\User Data\Crashpad\attachments\35258777-8fb4-461d-8d02-ba7808ee3f95: The system cannot find the path specified. (0x3)
[0904/105208.153:ERROR:filesystem_win.cc(129)] GetFileAttributes C:\Users\ANJI\AppData\Local\Google\Chrome Beta\User Data\Crashpad\attachments\35490556-0d07-4b92-aae4-4e2780a8c5eb: The system cannot find the path specified. (0x3)
[0904/105208.154:ERROR:filesystem_win.cc(129)] GetFileAttributes C:\Users\ANJI\AppData\Local\Google\Chrome Beta\User Data\Crashpad\attachments\35d76341-ccde-41ea-bf6b-847f6e910575: The system cannot find the path specified. (0x3)
[0904/105208.180:ERROR:filesystem_win.cc(129)] GetFileAttributes C:\Users\ANJI\AppData\Local\Google\Chrome Beta\User Data\Crashpad\attachments\35f33b0f-f2e9-44fd-b6a5-4e259e866b71: The system cannot find the path specified. (0x3)
[0904/105208.197:ERROR:filesystem_win.cc(129)] GetFileAttributes C:\Users\ANJI\AppData\Local\Google\Chrome Beta\User Data\Crashpad\attachments\375e13c2-8507-4cbd-8cc3-7596b9f619da: The system cannot find the path specified. (0x3)
[0904/105208.218:ERROR:filesystem_win.cc(129)] GetFileAttributes C:\Users\ANJI\AppData\Local\Google\Chrome Beta\User Data\Crashpad\attachments\376b0cc5-c2e6-46d1-9526-a4dfe99fdf37: The system cannot find the path specified. (0x3)
[0904/105208.233:ERROR:filesystem_win.cc(129)] GetFileAttributes C:\Users\ANJI\AppData\Local\Google\Chrome Beta\User Data\Crashpad\attachments\38e9ca5d-6634-42e1-a52c-9145733dab4c: The system cannot find the path specified. (0x3)
[0904/105208.241:ERROR:filesystem_win.cc(129)] GetFileAttributes C:\Users\ANJI\AppData\Local\Google\Chrome Beta\User Data\Crashpad\attachments\39859783-3315-4aba-9dc7-e5e82fe674d7: The system cannot find the path specified. (0x3)
[0904/105208.249:ERROR:filesystem_win.cc(129)] GetFileAttributes C:\Users\ANJI\AppData\Local\Google\Chrome Beta\User Data\Crashpad\attachments\39cd9181-739f-466c-a1db-781ec1c8fd86: The system cannot find the path specified. (0x3)
[0904/105208.260:ERROR:filesystem_win.cc(129)] GetFileAttributes C:\Users\ANJI\AppData\Local\Google\Chrome Beta\User Data\Crashpad\attachments\3a54d587-e886-40dd-a1e1-c78e9be472e9: The system cannot find the path specified. (0x3)
[0904/105208.281:ERROR:filesystem_win.cc(129)] GetFileAttributes C:\Users\ANJI\AppData\Local\Google\Chrome Beta\User Data\Crashpad\attachments\3aa33416-1f09-40e2-83cb-86e7b04a46d7: The system cannot find the path specified. (0x3)
[0904/105208.300:ERROR:filesystem_win.cc(129)] GetFileAttributes C:\Users\ANJI\AppData\Local\Google\Chrome Beta\User Data\Crashpad\attachments\3afcc76f-7859-49cb-9ac9-3efa8b8952ee: The system cannot find the path specified. (0x3)
[0904/105208.326:ERROR:filesystem_win.cc(129)] GetFileAttributes C:\Users\ANJI\AppData\Local\Google\Chrome Beta\User Data\Crashpad\attachments\3b458aa0-f4d2-46a9-bbb5-31d26987a3fa: The system cannot find the path specified. (0x3)
[0904/105208.343:ERROR:filesystem_win.cc(129)] GetFileAttributes C:\Users\ANJI\AppData\Local\Google\Chrome Beta\User Data\Crashpad\attachments\3c0c92c6-404a-4641-aa4d-ae60391fb35c: The system cannot find the path specified. (0x3)
[0904/105208.355:ERROR:filesystem_win.cc(129)] GetFileAttributes C:\Users\ANJI\AppData\Local\Google\Chrome Beta\User Data\Crashpad\attachments\3c521c64-9563-4c6d-9287-bac50ef033ff: The system cannot find the path specified. (0x3)
[0904/105208.375:ERROR:filesystem_win.cc(129)] GetFileAttributes C:\Users\ANJI\AppData\Local\Google\Chrome Beta\User Data\Crashpad\attachments\3c73b63e-4d07-47e5-bb3e-8ed6b9009259: The system cannot find the path specified. (0x3)
[0904/105208.380:ERROR:filesystem_win.cc(129)] GetFileAttributes C:\Users\ANJI\AppData\Local\Google\Chrome Beta\User Data\Crashpad\attachments\3d9a98ba-0cdd-4733-bc86-6cb0834a840b: The system cannot find the path specified. (0x3)
[0904/105208.399:ERROR:filesystem_win.cc(129)] GetFileAttributes C:\Users\ANJI\AppData\Local\Google\Chrome Beta\User Data\Crashpad\attachments\3f65ec07-a5be-4f89-a1c4-2efc36a0cd61: The system cannot find the path specified. (0x3)
[0904/105208.414:ERROR:filesystem_win.cc(129)] GetFileAttributes C:\Users\ANJI\AppData\Local\Google\Chrome Beta\User Data\Crashpad\attachments\3f7d71c8-f163-4800-8ccc-769670f79e42: The system cannot find the path specified. (0x3)
[0904/105208.424:ERROR:filesystem_win.cc(129)] GetFileAttributes C:\Users\ANJI\AppData\Local\Google\Chrome Beta\User Data\Crashpad\attachments\400172f8-3581-41b4-83bb-aaf445b22d39: The system cannot find the path specified. (0x3)
[0904/105208.427:ERROR:filesystem_win.cc(129)] GetFileAttributes C:\Users\ANJI\AppData\Local\Google\Chrome Beta\User Data\Crashpad\attachments\4143df67-4ca2-4e59-9cad-9d48b5b723ce: The system cannot find the path specified. (0x3)
[0904/105208.428:ERROR:filesystem_win.cc(129)] GetFileAttributes C:\Users\ANJI\AppData\Local\Google\Chrome Beta\User Data\Crashpad\attachments\42a4e9d2-65be-4f31-8018-572697aa439d: The system cannot find the path specified. (0x3)
[0904/105208.433:ERROR:filesystem_win.cc(129)] GetFileAttributes C:\Users\ANJI\AppData\Local\Google\Chrome Beta\User Data\Crashpad\attachments\431b321e-cd4a-48c6-b647-d363ca7cf52f: The system cannot find the path specified. (0x3)
[0904/105208.448:ERROR:filesystem_win.cc(129)] GetFileAttributes C:\Users\ANJI\AppData\Local\Google\Chrome Beta\User Data\Crashpad\attachments\4520d47f-441c-4ecb-b13a-de9573d20931: The system cannot find the path specified. (0x3)
[0904/105208.459:ERROR:filesystem_win.cc(129)] GetFileAttributes C:\Users\ANJI\AppData\Local\Google\Chrome Beta\User Data\Crashpad\attachments\45829aaf-1dd3-4618-85d5-ee70a7c936ad: The system cannot find the path specified. (0x3)
[0904/105208.478:ERROR:filesystem_win.cc(129)] GetFileAttributes C:\Users\ANJI\AppData\Local\Google\Chrome Beta\User Data\Crashpad\attachments\460ea341-9f93-4b1d-a650-caa64a6c20e5: The system cannot find the path specified. (0x3)
[0904/105208.479:ERROR:filesystem_win.cc(129)] GetFileAttributes C:\Users\ANJI\AppData\Local\Google\Chrome Beta\User Data\Crashpad\attachments\49e80d5b-ab7c-4789-aaf7-fa52ff3a6948: The system cannot find the path specified. (0x3)
[0904/105208.514:ERROR:filesystem_win.cc(129)] GetFileAttributes C:\Users\ANJI\AppData\Local\Google\Chrome Beta\User Data\Crashpad\attachments\4af962b3-76c3-4425-a587-8d6d0eba6f49: The system cannot find the path specified. (0x3)
[0904/105208.527:ERROR:filesystem_win.cc(129)] GetFileAttributes C:\Users\ANJI\AppData\Local\Google\Chrome Beta\User Data\Crashpad\attachments\4b444a34-c64f-43f4-a102-d7ee8757ca15: The system cannot find the path specified. (0x3)
[0904/105208.535:ERROR:filesystem_win.cc(129)] GetFileAttributes C:\Users\ANJI\AppData\Local\Google\Chrome Beta\User Data\Crashpad\attachments\4e50b83d-8361-419a-af2a-504e3511be94: The system cannot find the path specified. (0x3)
[0904/105208.556:ERROR:filesystem_win.cc(129)] GetFileAttributes C:\Users\ANJI\AppData\Local\Google\Chrome Beta\User Data\Crashpad\attachments\4f106d72-2646-47e9-8021-c63bf082abdb: The system cannot find the path specified. (0x3)
[0904/105208.558:ERROR:filesystem_win.cc(129)] GetFileAttributes C:\Users\ANJI\AppData\Local\Google\Chrome Beta\User Data\Crashpad\attachments\4f19b730-2457-4272-82f5-70daa61f4971: The system cannot find the path specified. (0x3)
[0904/105208.602:ERROR:filesystem_win.cc(129)] GetFileAttributes C:\Users\ANJI\AppData\Local\Google\Chrome Beta\User Data\Crashpad\attachments\50cfceae-483e-4982-9bba-4f71c25a088f: The system cannot find the path specified. (0x3)
[0904/105208.639:ERROR:filesystem_win.cc(129)] GetFileAttributes C:\Users\ANJI\AppData\Local\Google\Chrome Beta\User Data\Crashpad\attachments\51bf9649-6ff9-4013-914e-f100eb8ee99f: The system cannot find the path specified. (0x3)
[0904/105208.689:ERROR:filesystem_win.cc(129)] GetFileAttributes C:\Users\ANJI\AppData\Local\Google\Chrome Beta\User Data\Crashpad\attachments\524a2fab-76ba-4281-9fb4-0f4e10a638bf: The system cannot find the path specified. (0x3)
[0904/105208.701:ERROR:filesystem_win.cc(129)] GetFileAttributes C:\Users\ANJI\AppData\Local\Google\Chrome Beta\User Data\Crashpad\attachments\52e50555-bfc2-4a8a-8e56-222556d605aa: The system cannot find the path specified. (0x3)
[0904/105208.714:ERROR:filesystem_win.cc(129)] GetFileAttributes C:\Users\ANJI\AppData\Local\Google\Chrome Beta\User Data\Crashpad\attachments\5380583f-59f3-4a27-b452-1c047e9e55a7: The system cannot find the path specified. (0x3)
[0904/105208.728:ERROR:filesystem_win.cc(129)] GetFileAttributes C:\Users\ANJI\AppData\Local\Google\Chrome Beta\User Data\Crashpad\attachments\53dda0d9-a22b-4f06-bc73-53df9a0678c2: The system cannot find the path specified. (0x3)
[0904/105208.791:ERROR:filesystem_win.cc(129)] GetFileAttributes C:\Users\ANJI\AppData\Local\Google\Chrome Beta\User Data\Crashpad\attachments\54f3276c-7c67-4716-954f-17ed2a652b1b: The system cannot find the path specified. (0x3)
[0904/105208.821:ERROR:filesystem_win.cc(129)] GetFileAttributes C:\Users\ANJI\AppData\Local\Google\Chrome Beta\User Data\Crashpad\attachments\550e7d21-0b5b-4dde-8844-67b43d33bb44: The system cannot find the path specified. (0x3)
[0904/105208.830:ERROR:filesystem_win.cc(129)] GetFileAttributes C:\Users\ANJI\AppData\Local\Google\Chrome Beta\User Data\Crashpad\attachments\5538abc2-7cbf-48b8-b002-2afc3a1ba6e1: The system cannot find the path specified. (0x3)
[0904/105208.844:ERROR:filesystem_win.cc(129)] GetFileAttributes C:\Users\ANJI\AppData\Local\Google\Chrome Beta\User Data\Crashpad\attachments\55f4a70f-ff81-4f80-9d08-c2d8a37dd6ec: The system cannot find the path specified. (0x3)
[0904/105208.852:ERROR:filesystem_win.cc(129)] GetFileAttributes C:\Users\ANJI\AppData\Local\Google\Chrome Beta\User Data\Crashpad\attachments\55f92c10-d92c-4112-95be-b9f42d2a0185: The system cannot find the path specified. (0x3)
[0904/105208.882:ERROR:filesystem_win.cc(129)] GetFileAttributes C:\Users\ANJI\AppData\Local\Google\Chrome Beta\User Data\Crashpad\attachments\56303721-2b21-4042-8249-c4d7908ffe84: The system cannot find the path specified. (0x3)
[0904/105208.913:ERROR:filesystem_win.cc(129)] GetFileAttributes C:\Users\ANJI\AppData\Local\Google\Chrome Beta\User Data\Crashpad\attachments\5732c634-72de-4dbd-a7a0-152edbce2730: The system cannot find the path specified. (0x3)
[0904/105208.928:ERROR:filesystem_win.cc(129)] GetFileAttributes C:\Users\ANJI\AppData\Local\Google\Chrome Beta\User Data\Crashpad\attachments\574815d7-438e-480f-8d6e-df10e767b8da: The system cannot find the path specified. (0x3)
[0904/105208.938:ERROR:filesystem_win.cc(129)] GetFileAttributes C:\Users\ANJI\AppData\Local\Google\Chrome Beta\User Data\Crashpad\attachments\575a918d-950d-4568-8998-28b90a1152b8: The system cannot find the path specified. (0x3)
[0904/105208.978:ERROR:filesystem_win.cc(129)] GetFileAttributes C:\Users\ANJI\AppData\Local\Google\Chrome Beta\User Data\Crashpad\attachments\580992d5-0921-4e60-86de-f70f149bb543: The system cannot find the path specified. (0x3)
[0904/105208.987:ERROR:filesystem_win.cc(129)] GetFileAttributes C:\Users\ANJI\AppData\Local\Google\Chrome Beta\User Data\Crashpad\attachments\584a23a4-81ab-48ea-9329-4a528eb64eb1: The system cannot find the path specified. (0x3)
[0904/105209.000:ERROR:filesystem_win.cc(129)] GetFileAttributes C:\Users\ANJI\AppData\Local\Google\Chrome Beta\User Data\Crashpad\attachments\58972bca-be19-4eb5-a5b2-810635685c1a: The system cannot find the path specified. (0x3)
[0904/105209.020:ERROR:filesystem_win.cc(129)] GetFileAttributes C:\Users\ANJI\AppData\Local\Google\Chrome Beta\User Data\Crashpad\attachments\591183ec-fe95-4cc3-abea-0da652eb64da: The system cannot find the path specified. (0x3)
[0904/105209.036:ERROR:filesystem_win.cc(129)] GetFileAttributes C:\Users\ANJI\AppData\Local\Google\Chrome Beta\User Data\Crashpad\attachments\5b05f6bc-9d03-404b-802f-fdf169afbafc: The system cannot find the path specified. (0x3)
[0904/105209.040:ERROR:filesystem_win.cc(129)] GetFileAttributes C:\Users\ANJI\AppData\Local\Google\Chrome Beta\User Data\Crashpad\attachments\5b8a92d0-fb3c-4fcc-a670-7462c49da60a: The system cannot find the path specified. (0x3)
[0904/105209.046:ERROR:filesystem_win.cc(129)] GetFileAttributes C:\Users\ANJI\AppData\Local\Google\Chrome Beta\User Data\Crashpad\attachments\5bde773f-ed34-4144-8edc-cace5ef644b4: The system cannot find the path specified. (0x3)
[0904/105209.058:ERROR:filesystem_win.cc(129)] GetFileAttributes C:\Users\ANJI\AppData\Local\Google\Chrome Beta\User Data\Crashpad\attachments\5c4bb651-cc38-4304-8af3-bd82b3ec7129: The system cannot find the path specified. (0x3)
[0904/105209.066:ERROR:filesystem_win.cc(129)] GetFileAttributes C:\Users\ANJI\AppData\Local\Google\Chrome Beta\User Data\Crashpad\attachments\5c93befb-58d4-4178-b192-22e7cb7661fd: The system cannot find the path specified. (0x3)
[0904/105209.076:ERROR:filesystem_win.cc(129)] GetFileAttributes C:\Users\ANJI\AppData\Local\Google\Chrome Beta\User Data\Crashpad\attachments\5eb5632e-7f72-4c11-bb4a-7f6c6c5bfaf5: The system cannot find the path specified. (0x3)
[0904/105209.087:ERROR:filesystem_win.cc(129)] GetFileAttributes C:\Users\ANJI\AppData\Local\Google\Chrome Beta\User Data\Crashpad\attachments\5f41f901-4e9b-42ef-ad50-bf4a297162cc: The system cannot find the path specified. (0x3)
[0904/105209.096:ERROR:filesystem_win.cc(129)] GetFileAttributes C:\Users\ANJI\AppData\Local\Google\Chrome Beta\User Data\Crashpad\attachments\5faf1e0b-11f2-4f8c-b3be-80f51f20fc03: The system cannot find the path specified. (0x3)
[0904/105209.097:ERROR:filesystem_win.cc(129)] GetFileAttributes C:\Users\ANJI\AppData\Local\Google\Chrome Beta\User Data\Crashpad\attachments\60b4ea7d-0255-4460-88e0-d7b44d32eb73: The system cannot find the path specified. (0x3)
[0904/105209.110:ERROR:filesystem_win.cc(129)] GetFileAttributes C:\Users\ANJI\AppData\Local\Google\Chrome Beta\User Data\Crashpad\attachments\60c66da2-c3a0-4deb-b739-45a389a1a7fd: The system cannot find the path specified. (0x3)
[0904/105209.122:ERROR:filesystem_win.cc(129)] GetFileAttributes C:\Users\ANJI\AppData\Local\Google\Chrome Beta\User Data\Crashpad\attachments\60e9dd4b-8bea-4871-a3d5-ca4093318048: The system cannot find the path specified. (0x3)
[0904/105209.137:ERROR:filesystem_win.cc(129)] GetFileAttributes C:\Users\ANJI\AppData\Local\Google\Chrome Beta\User Data\Crashpad\attachments\61b036a8-5030-46da-a634-ef045c74efa2: The system cannot find the path specified. (0x3)
[0904/105209.144:ERROR:filesystem_win.cc(129)] GetFileAttributes C:\Users\ANJI\AppData\Local\Google\Chrome Beta\User Data\Crashpad\attachments\61d90997-e445-4246-981e-03d3cd6c9c31: The system cannot find the path specified. (0x3)
[0904/105209.167:ERROR:filesystem_win.cc(129)] GetFileAttributes C:\Users\ANJI\AppData\Local\Google\Chrome Beta\User Data\Crashpad\attachments\627d773f-4cc1-4528-8947-cd39f990560e: The system cannot find the path specified. (0x3)
[0904/105209.186:ERROR:filesystem_win.cc(129)] GetFileAttributes C:\Users\ANJI\AppData\Local\Google\Chrome Beta\User Data\Crashpad\attachments\62dd4185-7c70-4c18-ad67-7a4c23b93b7d: The system cannot find the path specified. (0x3)
[0904/105209.193:ERROR:filesystem_win.cc(129)] GetFileAttributes C:\Users\ANJI\AppData\Local\Google\Chrome Beta\User Data\Crashpad\attachments\640bf367-3c01-43b7-bfa0-9d94ec1c57e7: The system cannot find the path specified. (0x3)
[0904/105209.207:ERROR:filesystem_win.cc(129)] GetFileAttributes C:\Users\ANJI\AppData\Local\Google\Chrome Beta\User Data\Crashpad\attachments\6421d27f-14f9-4022-99a5-07a3bd160259: The system cannot find the path specified. (0x3)
[0904/105209.209:ERROR:filesystem_win.cc(129)] GetFileAttributes C:\Users\ANJI\AppData\Local\Google\Chrome Beta\User Data\Crashpad\attachments\65917b00-64b8-45f3-a7af-5fc9f26a4f19: The system cannot find the path specified. (0x3)
[0904/105209.224:ERROR:filesystem_win.cc(129)] GetFileAttributes C:\Users\ANJI\AppData\Local\Google\Chrome Beta\User Data\Crashpad\attachments\671f470f-9ab8-4449-b40b-2fb68d9bb104: The system cannot find the path specified. (0x3)
[0904/105209.227:ERROR:filesystem_win.cc(129)] GetFileAttributes C:\Users\ANJI\AppData\Local\Google\Chrome Beta\User Data\Crashpad\attachments\679b8325-af3f-465c-bd2b-e2df7be7f0a6: The system cannot find the path specified. (0x3)
[0904/105209.236:ERROR:filesystem_win.cc(129)] GetFileAttributes C:\Users\ANJI\AppData\Local\Google\Chrome Beta\User Data\Crashpad\attachments\68d598e9-835c-4121-99e2-c561dfbf1a8d: The system cannot find the path specified. (0x3)
[0904/105209.237:ERROR:filesystem_win.cc(129)] GetFileAttributes C:\Users\ANJI\AppData\Local\Google\Chrome Beta\User Data\Crashpad\attachments\6941e6ca-d1e8-405b-8610-720bf6e53716: The system cannot find the path specified. (0x3)
[0904/105209.249:ERROR:filesystem_win.cc(129)] GetFileAttributes C:\Users\ANJI\AppData\Local\Google\Chrome Beta\User Data\Crashpad\attachments\69774bfe-2b35-478c-96bd-da15906578c3: The system cannot find the path specified. (0x3)
[0904/105209.250:ERROR:filesystem_win.cc(129)] GetFileAttributes C:\Users\ANJI\AppData\Local\Google\Chrome Beta\User Data\Crashpad\attachments\6a6dd4df-85c5-47a7-9b08-1fd14248a7a4: The system cannot find the path specified. (0x3)
[0904/105209.261:ERROR:filesystem_win.cc(129)] GetFileAttributes C:\Users\ANJI\AppData\Local\Google\Chrome Beta\User Data\Crashpad\attachments\6a987c37-1bda-4437-91fb-bdbcb7b53d76: The system cannot find the path specified. (0x3)
[0904/105209.281:ERROR:filesystem_win.cc(129)] GetFileAttributes C:\Users\ANJI\AppData\Local\Google\Chrome Beta\User Data\Crashpad\attachments\6b4883c7-e957-4292-9a26-eb8db2081824: The system cannot find the path specified. (0x3)
[0904/105209.294:ERROR:filesystem_win.cc(129)] GetFileAttributes C:\Users\ANJI\AppData\Local\Google\Chrome Beta\User Data\Crashpad\attachments\6c992460-5035-4b46-9a04-3a4314062404: The system cannot find the path specified. (0x3)
[0904/105209.301:ERROR:filesystem_win.cc(129)] GetFileAttributes C:\Users\ANJI\AppData\Local\Google\Chrome Beta\User Data\Crashpad\attachments\6e13a983-f912-461f-8470-89cc79e66456: The system cannot find the path specified. (0x3)
[0904/105209.314:ERROR:filesystem_win.cc(129)] GetFileAttributes C:\Users\ANJI\AppData\Local\Google\Chrome Beta\User Data\Crashpad\attachments\6f445d3f-4a74-447b-b847-f05167af37b3: The system cannot find the path specified. (0x3)
[0904/105209.348:ERROR:filesystem_win.cc(129)] GetFileAttributes C:\Users\ANJI\AppData\Local\Google\Chrome Beta\User Data\Crashpad\attachments\6f5c9a15-6d8d-4f14-81c6-b35fcfa1e082: The system cannot find the path specified. (0x3)
[0904/105209.356:ERROR:filesystem_win.cc(129)] GetFileAttributes C:\Users\ANJI\AppData\Local\Google\Chrome Beta\User Data\Crashpad\attachments\6f6cac83-e147-4a89-b047-fedce97269a8: The system cannot find the path specified. (0x3)
[0904/105209.378:ERROR:filesystem_win.cc(129)] GetFileAttributes C:\Users\ANJI\AppData\Local\Google\Chrome Beta\User Data\Crashpad\attachments\6f6d3715-4844-4c3e-8b8b-af00780bf0bd: The system cannot find the path specified. (0x3)
[0904/105209.379:ERROR:filesystem_win.cc(129)] GetFileAttributes C:\Users\ANJI\AppData\Local\Google\Chrome Beta\User Data\Crashpad\attachments\707cca99-16b6-4335-bb46-944aafcdc5f1: The system cannot find the path specified. (0x3)
[0904/105209.408:ERROR:filesystem_win.cc(129)] GetFileAttributes C:\Users\ANJI\AppData\Local\Google\Chrome Beta\User Data\Crashpad\attachments\70a158cb-372e-45dc-a5ba-d53652a54ec7: The system cannot find the path specified. (0x3)
[0904/105209.419:ERROR:filesystem_win.cc(129)] GetFileAttributes C:\Users\ANJI\AppData\Local\Google\Chrome Beta\User Data\Crashpad\attachments\7154e2de-a2e5-417d-969b-2935d0ca2958: The system cannot find the path specified. (0x3)
[0904/105209.431:ERROR:filesystem_win.cc(129)] GetFileAttributes C:\Users\ANJI\AppData\Local\Google\Chrome Beta\User Data\Crashpad\attachments\717ba7e5-a9d9-4c8d-a135-769574e5f79f: The system cannot find the path specified. (0x3)
[0904/105209.444:ERROR:filesystem_win.cc(129)] GetFileAttributes C:\Users\ANJI\AppData\Local\Google\Chrome Beta\User Data\Crashpad\attachments\7225e125-a5f0-4969-9c91-2b8d2b93c6fe: The system cannot find the path specified. (0x3)
[0904/105209.456:ERROR:filesystem_win.cc(129)] GetFileAttributes C:\Users\ANJI\AppData\Local\Google\Chrome Beta\User Data\Crashpad\attachments\737d3eed-d6c5-4148-8f89-8ab60b986504: The system cannot find the path specified. (0x3)
[0904/105209.465:ERROR:filesystem_win.cc(129)] GetFileAttributes C:\Users\ANJI\AppData\Local\Google\Chrome Beta\User Data\Crashpad\attachments\752fda57-c2fc-4557-a27d-422f744780ed: The system cannot find the path specified. (0x3)
[0904/105209.478:ERROR:filesystem_win.cc(129)] GetFileAttributes C:\Users\ANJI\AppData\Local\Google\Chrome Beta\User Data\Crashpad\attachments\75a3e8ca-ae6c-480a-b0f1-85e564c50979: The system cannot find the path specified. (0x3)
[0904/105209.486:ERROR:filesystem_win.cc(129)] GetFileAttributes C:\Users\ANJI\AppData\Local\Google\Chrome Beta\User Data\Crashpad\attachments\75ad4c78-3adc-484a-b421-f5a6fec1c984: The system cannot find the path specified. (0x3)
[0904/105209.496:ERROR:filesystem_win.cc(129)] GetFileAttributes C:\Users\ANJI\AppData\Local\Google\Chrome Beta\User Data\Crashpad\attachments\75b3ffbd-64f1-4edb-921e-3dc67d8c078a: The system cannot find the path specified. (0x3)
[0904/105209.506:ERROR:filesystem_win.cc(129)] GetFileAttributes C:\Users\ANJI\AppData\Local\Google\Chrome Beta\User Data\Crashpad\attachments\76d8f373-6882-469a-9c03-3d947a126214: The system cannot find the path specified. (0x3)
[0904/105209.517:ERROR:filesystem_win.cc(129)] GetFileAttributes C:\Users\ANJI\AppData\Local\Google\Chrome Beta\User Data\Crashpad\attachments\772e363e-96dd-429d-be11-bbb538a0cdce: The system cannot find the path specified. (0x3)
[0904/105209.526:ERROR:filesystem_win.cc(129)] GetFileAttributes C:\Users\ANJI\AppData\Local\Google\Chrome Beta\User Data\Crashpad\attachments\775ca9ee-c69a-4bec-95ea-a0aa36a9d302: The system cannot find the path specified. (0x3)
[0904/105209.577:ERROR:filesystem_win.cc(129)] GetFileAttributes C:\Users\ANJI\AppData\Local\Google\Chrome Beta\User Data\Crashpad\attachments\782c8589-fda7-4743-8134-d091f1f8edf5: The system cannot find the path specified. (0x3)
[0904/105209.596:ERROR:filesystem_win.cc(129)] GetFileAttributes C:\Users\ANJI\AppData\Local\Google\Chrome Beta\User Data\Crashpad\attachments\7a882d5d-7513-4662-bb81-41eb80c6f255: The system cannot find the path specified. (0x3)
[0904/105209.600:ERROR:filesystem_win.cc(129)] GetFileAttributes C:\Users\ANJI\AppData\Local\Google\Chrome Beta\User Data\Crashpad\attachments\7c42f936-9b51-4e25-a56f-296066531ef6: The system cannot find the path specified. (0x3)
[0904/105209.620:ERROR:filesystem_win.cc(129)] GetFileAttributes C:\Users\ANJI\AppData\Local\Google\Chrome Beta\User Data\Crashpad\attachments\7d176454-0e5f-4017-9a4a-2ccfb4e6c6f1: The system cannot find the path specified. (0x3)
[0904/105209.634:ERROR:filesystem_win.cc(129)] GetFileAttributes C:\Users\ANJI\AppData\Local\Google\Chrome Beta\User Data\Crashpad\attachments\7df0a3be-b303-4aa2-89e1-f5773a8e5030: The system cannot find the path specified. (0x3)
[0904/105209.657:ERROR:filesystem_win.cc(129)] GetFileAttributes C:\Users\ANJI\AppData\Local\Google\Chrome Beta\User Data\Crashpad\attachments\7e74c451-0f8a-42ac-95cc-3aab6419f600: The system cannot find the path specified. (0x3)
[0904/105209.670:ERROR:filesystem_win.cc(129)] GetFileAttributes C:\Users\ANJI\AppData\Local\Google\Chrome Beta\User Data\Crashpad\attachments\7f54aed0-86e8-4e64-817f-3bf8f917cd40: The system cannot find the path specified. (0x3)
[0904/105209.679:ERROR:filesystem_win.cc(129)] GetFileAttributes C:\Users\ANJI\AppData\Local\Google\Chrome Beta\User Data\Crashpad\attachments\7fc923f0-903d-4124-887b-0d679fe36950: The system cannot find the path specified. (0x3)
[0904/105209.680:ERROR:filesystem_win.cc(129)] GetFileAttributes C:\Users\ANJI\AppData\Local\Google\Chrome Beta\User Data\Crashpad\attachments\8126976f-b5df-4674-8614-ce895dc8cd0c: The system cannot find the path specified. (0x3)
[0904/105209.692:ERROR:filesystem_win.cc(129)] GetFileAttributes C:\Users\ANJI\AppData\Local\Google\Chrome Beta\User Data\Crashpad\attachments\81ad6354-29dc-4919-a3a4-e833276f85d7: The system cannot find the path specified. (0x3)
[0904/105209.710:ERROR:filesystem_win.cc(129)] GetFileAttributes C:\Users\ANJI\AppData\Local\Google\Chrome Beta\User Data\Crashpad\attachments\81e7def3-6b5a-4d87-9512-45c74c2911f8: The system cannot find the path specified. (0x3)
[0904/105209.721:ERROR:filesystem_win.cc(129)] GetFileAttributes C:\Users\ANJI\AppData\Local\Google\Chrome Beta\User Data\Crashpad\attachments\826e2129-10eb-4780-b1e0-a25477366305: The system cannot find the path specified. (0x3)
[0904/105209.730:ERROR:filesystem_win.cc(129)] GetFileAttributes C:\Users\ANJI\AppData\Local\Google\Chrome Beta\User Data\Crashpad\attachments\82cc8db3-1fd5-490c-b234-44298ee653d0: The system cannot find the path specified. (0x3)
[0904/105209.741:ERROR:filesystem_win.cc(129)] GetFileAttributes C:\Users\ANJI\AppData\Local\Google\Chrome Beta\User Data\Crashpad\attachments\82cef4cc-ac9c-46fa-bc14-f950bbbc3574: The system cannot find the path specified. (0x3)
[0904/105209.743:ERROR:filesystem_win.cc(129)] GetFileAttributes C:\Users\ANJI\AppData\Local\Google\Chrome Beta\User Data\Crashpad\attachments\83f20079-e3a1-4f6f-b662-6437fb5333eb: The system cannot find the path specified. (0x3)
[0904/105209.758:ERROR:filesystem_win.cc(129)] GetFileAttributes C:\Users\ANJI\AppData\Local\Google\Chrome Beta\User Data\Crashpad\attachments\855d01b1-965f-46ff-9acb-98d3dc8f2531: The system cannot find the path specified. (0x3)
[0904/105209.767:ERROR:filesystem_win.cc(129)] GetFileAttributes C:\Users\ANJI\AppData\Local\Google\Chrome Beta\User Data\Crashpad\attachments\85c3066c-d44b-4805-81d7-a5d623930858: The system cannot find the path specified. (0x3)
[0904/105209.781:ERROR:filesystem_win.cc(129)] GetFileAttributes C:\Users\ANJI\AppData\Local\Google\Chrome Beta\User Data\Crashpad\attachments\860c0267-ece6-4f30-b73b-64502363cb11: The system cannot find the path specified. (0x3)
[0904/105209.800:ERROR:filesystem_win.cc(129)] GetFileAttributes C:\Users\ANJI\AppData\Local\Google\Chrome Beta\User Data\Crashpad\attachments\8659c3e0-45e0-4381-bebf-5b09c80fc534: The system cannot find the path specified. (0x3)
[0904/105209.809:ERROR:filesystem_win.cc(129)] GetFileAttributes C:\Users\ANJI\AppData\Local\Google\Chrome Beta\User Data\Crashpad\attachments\86ecc4c0-daf4-4b16-a19e-685cd9619517: The system cannot find the path specified. (0x3)
[0904/105209.821:ERROR:filesystem_win.cc(129)] GetFileAttributes C:\Users\ANJI\AppData\Local\Google\Chrome Beta\User Data\Crashpad\attachments\8706bbe3-1994-4137-ac5b-69214ba090a4: The system cannot find the path specified. (0x3)
[0904/105209.827:ERROR:filesystem_win.cc(129)] GetFileAttributes C:\Users\ANJI\AppData\Local\Google\Chrome Beta\User Data\Crashpad\attachments\882631c9-bae9-46b6-8fc6-226de6994b9d: The system cannot find the path specified. (0x3)
[0904/105209.832:ERROR:filesystem_win.cc(129)] GetFileAttributes C:\Users\ANJI\AppData\Local\Google\Chrome Beta\User Data\Crashpad\attachments\89788457-de13-4259-a3b7-5be105fd2b02: The system cannot find the path specified. (0x3)
[0904/105209.855:ERROR:filesystem_win.cc(129)] GetFileAttributes C:\Users\ANJI\AppData\Local\Google\Chrome Beta\User Data\Crashpad\attachments\89d15f8a-9f8e-41d9-b9f3-89891af8582b: The system cannot find the path specified. (0x3)
[0904/105209.876:ERROR:filesystem_win.cc(129)] GetFileAttributes C:\Users\ANJI\AppData\Local\Google\Chrome Beta\User Data\Crashpad\attachments\8a2de7fb-81c7-43fa-bf30-119b27ebf372: The system cannot find the path specified. (0x3)
[0904/105209.932:ERROR:filesystem_win.cc(129)] GetFileAttributes C:\Users\ANJI\AppData\Local\Google\Chrome Beta\User Data\Crashpad\attachments\8abe0c97-1886-4690-8704-d94f105b2100: The system cannot find the path specified. (0x3)
[0904/105209.985:ERROR:filesystem_win.cc(129)] GetFileAttributes C:\Users\ANJI\AppData\Local\Google\Chrome Beta\User Data\Crashpad\attachments\8af35e9c-5006-4993-95d8-709e761a792a: The system cannot find the path specified. (0x3)
[0904/105210.014:ERROR:filesystem_win.cc(129)] GetFileAttributes C:\Users\ANJI\AppData\Local\Google\Chrome Beta\User Data\Crashpad\attachments\8b0e9b55-802d-4831-a6ec-e25a9499d34e: The system cannot find the path specified. (0x3)
[0904/105210.034:ERROR:filesystem_win.cc(129)] GetFileAttributes C:\Users\ANJI\AppData\Local\Google\Chrome Beta\User Data\Crashpad\attachments\8b86b1df-7751-4bfa-956f-70fdb5234db5: The system cannot find the path specified. (0x3)
[0904/105210.048:ERROR:filesystem_win.cc(129)] GetFileAttributes C:\Users\ANJI\AppData\Local\Google\Chrome Beta\User Data\Crashpad\attachments\8c5db489-5b49-4735-bbbd-cbd68dc31b3f: The system cannot find the path specified. (0x3)
[0904/105210.056:ERROR:filesystem_win.cc(129)] GetFileAttributes C:\Users\ANJI\AppData\Local\Google\Chrome Beta\User Data\Crashpad\attachments\8c5f2165-54c9-4dd3-bce3-a05006b58044: The system cannot find the path specified. (0x3)
[0904/105210.065:ERROR:filesystem_win.cc(129)] GetFileAttributes C:\Users\ANJI\AppData\Local\Google\Chrome Beta\User Data\Crashpad\attachments\8d59ca97-185d-4b71-9414-de206a72a7ca: The system cannot find the path specified. (0x3)
[0904/105210.072:ERROR:filesystem_win.cc(129)] GetFileAttributes C:\Users\ANJI\AppData\Local\Google\Chrome Beta\User Data\Crashpad\attachments\8d676ac8-a312-44cf-9470-972d771721a2: The system cannot find the path specified. (0x3)
[0904/105210.077:ERROR:filesystem_win.cc(129)] GetFileAttributes C:\Users\ANJI\AppData\Local\Google\Chrome Beta\User Data\Crashpad\attachments\8e1c1148-2c03-40c0-b801-9c5d1068e5db: The system cannot find the path specified. (0x3)
[0904/105210.088:ERROR:filesystem_win.cc(129)] GetFileAttributes C:\Users\ANJI\AppData\Local\Google\Chrome Beta\User Data\Crashpad\attachments\9040ab9d-e1d0-4fdd-8cd7-4f4f74443867: The system cannot find the path specified. (0x3)
[0904/105210.101:ERROR:filesystem_win.cc(129)] GetFileAttributes C:\Users\ANJI\AppData\Local\Google\Chrome Beta\User Data\Crashpad\attachments\905c3bdc-3391-43eb-97b7-4aa2abeabbff: The system cannot find the path specified. (0x3)
[0904/105210.113:ERROR:filesystem_win.cc(129)] GetFileAttributes C:\Users\ANJI\AppData\Local\Google\Chrome Beta\User Data\Crashpad\attachments\9063492c-b320-41af-a783-649f120d61a9: The system cannot find the path specified. (0x3)
[0904/105210.119:ERROR:filesystem_win.cc(129)] GetFileAttributes C:\Users\ANJI\AppData\Local\Google\Chrome Beta\User Data\Crashpad\attachments\9164e85a-a359-427b-80f6-c160982cb651: The system cannot find the path specified. (0x3)
[0904/105210.120:ERROR:filesystem_win.cc(129)] GetFileAttributes C:\Users\ANJI\AppData\Local\Google\Chrome Beta\User Data\Crashpad\attachments\9191c0c3-eb98-45ed-b233-1764defaec97: The system cannot find the path specified. (0x3)
[0904/105210.130:ERROR:filesystem_win.cc(129)] GetFileAttributes C:\Users\ANJI\AppData\Local\Google\Chrome Beta\User Data\Crashpad\attachments\9260208b-3049-4a4e-ae82-d44e8c032657: The system cannot find the path specified. (0x3)
[0904/105210.145:ERROR:filesystem_win.cc(129)] GetFileAttributes C:\Users\ANJI\AppData\Local\Google\Chrome Beta\User Data\Crashpad\attachments\92b70e47-7a40-4a07-aa7c-6db6260664ac: The system cannot find the path specified. (0x3)
[0904/105210.156:ERROR:filesystem_win.cc(129)] GetFileAttributes C:\Users\ANJI\AppData\Local\Google\Chrome Beta\User Data\Crashpad\attachments\93d521ee-d229-4afd-9c60-a4680d5f4f78: The system cannot find the path specified. (0x3)
[0904/105210.189:ERROR:filesystem_win.cc(129)] GetFileAttributes C:\Users\ANJI\AppData\Local\Google\Chrome Beta\User Data\Crashpad\attachments\93fe1ea7-9804-4427-ab67-e560ac289184: The system cannot find the path specified. (0x3)
[0904/105210.210:ERROR:filesystem_win.cc(129)] GetFileAttributes C:\Users\ANJI\AppData\Local\Google\Chrome Beta\User Data\Crashpad\attachments\943d9b44-b698-42ea-9da2-546aed9f02c6: The system cannot find the path specified. (0x3)
[0904/105210.222:ERROR:filesystem_win.cc(129)] GetFileAttributes C:\Users\ANJI\AppData\Local\Google\Chrome Beta\User Data\Crashpad\attachments\95340aa5-6cfa-4b25-b4f0-bdf76ca814a7: The system cannot find the path specified. (0x3)
[0904/105210.229:ERROR:filesystem_win.cc(129)] GetFileAttributes C:\Users\ANJI\AppData\Local\Google\Chrome Beta\User Data\Crashpad\attachments\95c8acfe-7b78-4689-9c30-f4cda270f93d: The system cannot find the path specified. (0x3)
[0904/105210.237:ERROR:filesystem_win.cc(129)] GetFileAttributes C:\Users\ANJI\AppData\Local\Google\Chrome Beta\User Data\Crashpad\attachments\961b2575-c921-4941-b834-1b246aeb8175: The system cannot find the path specified. (0x3)
[0904/105210.247:ERROR:filesystem_win.cc(129)] GetFileAttributes C:\Users\ANJI\AppData\Local\Google\Chrome Beta\User Data\Crashpad\attachments\96479238-3509-4aca-9306-7615525d1d37: The system cannot find the path specified. (0x3)
[0904/105210.260:ERROR:filesystem_win.cc(129)] GetFileAttributes C:\Users\ANJI\AppData\Local\Google\Chrome Beta\User Data\Crashpad\attachments\967325df-b7e7-4e4a-8c9b-f0dc2fefc10b: The system cannot find the path specified. (0x3)
[0904/105210.267:ERROR:filesystem_win.cc(129)] GetFileAttributes C:\Users\ANJI\AppData\Local\Google\Chrome Beta\User Data\Crashpad\attachments\988275f7-61a2-4ff1-88e7-f027ce75b667: The system cannot find the path specified. (0x3)
[0904/105210.278:ERROR:filesystem_win.cc(129)] GetFileAttributes C:\Users\ANJI\AppData\Local\Google\Chrome Beta\User Data\Crashpad\attachments\9918e448-2f93-4d38-b998-63bb0b6b09a0: The system cannot find the path specified. (0x3)
[0904/105210.293:ERROR:filesystem_win.cc(129)] GetFileAttributes C:\Users\ANJI\AppData\Local\Google\Chrome Beta\User Data\Crashpad\attachments\99b5e63d-c2ca-4b39-937c-c587d9316291: The system cannot find the path specified. (0x3)
[0904/105210.298:ERROR:filesystem_win.cc(129)] GetFileAttributes C:\Users\ANJI\AppData\Local\Google\Chrome Beta\User Data\Crashpad\attachments\99d5ddcc-6188-4783-8989-ab1ef1be2a55: The system cannot find the path specified. (0x3)
[0904/105210.306:ERROR:filesystem_win.cc(129)] GetFileAttributes C:\Users\ANJI\AppData\Local\Google\Chrome Beta\User Data\Crashpad\attachments\9a33c214-6ad4-4fd3-ad17-b2af47bddd33: The system cannot find the path specified. (0x3)
[0904/105210.308:ERROR:filesystem_win.cc(129)] GetFileAttributes C:\Users\ANJI\AppData\Local\Google\Chrome Beta\User Data\Crashpad\attachments\9a5fe1e1-9500-4a98-a791-48b13c4da783: The system cannot find the path specified. (0x3)
[0904/105210.309:ERROR:filesystem_win.cc(129)] GetFileAttributes C:\Users\ANJI\AppData\Local\Google\Chrome Beta\User Data\Crashpad\attachments\9a99b54a-362e-464b-ac71-9468e3dd3bb0: The system cannot find the path specified. (0x3)
[0904/105210.322:ERROR:filesystem_win.cc(129)] GetFileAttributes C:\Users\ANJI\AppData\Local\Google\Chrome Beta\User Data\Crashpad\attachments\9ac93be2-ebfa-407d-abf3-fc947ac5f66f: The system cannot find the path specified. (0x3)
[0904/105210.331:ERROR:filesystem_win.cc(129)] GetFileAttributes C:\Users\ANJI\AppData\Local\Google\Chrome Beta\User Data\Crashpad\attachments\9d09e620-2cf7-45e6-a1f1-42f1b20e6df7: The system cannot find the path specified. (0x3)
[0904/105210.346:ERROR:filesystem_win.cc(129)] GetFileAttributes C:\Users\ANJI\AppData\Local\Google\Chrome Beta\User Data\Crashpad\attachments\9d1c7e61-adae-473f-bb03-1b78c0d8f321: The system cannot find the path specified. (0x3)
[0904/105210.356:ERROR:filesystem_win.cc(129)] GetFileAttributes C:\Users\ANJI\AppData\Local\Google\Chrome Beta\User Data\Crashpad\attachments\9e9502cc-157b-4d4a-aea3-8e201d642d18: The system cannot find the path specified. (0x3)
[0904/105210.366:ERROR:filesystem_win.cc(129)] GetFileAttributes C:\Users\ANJI\AppData\Local\Google\Chrome Beta\User Data\Crashpad\attachments\9e9ce5f2-15d9-452f-a265-64d239df98b6: The system cannot find the path specified. (0x3)
[0904/105210.381:ERROR:filesystem_win.cc(129)] GetFileAttributes C:\Users\ANJI\AppData\Local\Google\Chrome Beta\User Data\Crashpad\attachments\9f6ed583-76df-461c-92c2-5e2ebd1d5a44: The system cannot find the path specified. (0x3)
[0904/105210.383:ERROR:filesystem_win.cc(129)] GetFileAttributes C:\Users\ANJI\AppData\Local\Google\Chrome Beta\User Data\Crashpad\attachments\a02fc28d-05de-4d96-bcb1-1ae99d0adfd3: The system cannot find the path specified. (0x3)
[0904/105210.391:ERROR:filesystem_win.cc(129)] GetFileAttributes C:\Users\ANJI\AppData\Local\Google\Chrome Beta\User Data\Crashpad\attachments\a0cc1a5a-8596-4cf6-9240-d6523490b1c3: The system cannot find the path specified. (0x3)
[0904/105210.393:ERROR:filesystem_win.cc(129)] GetFileAttributes C:\Users\ANJI\AppData\Local\Google\Chrome Beta\User Data\Crashpad\attachments\a2afcc20-2e03-4853-9604-7ed08ec1a027: The system cannot find the path specified. (0x3)
[0904/105210.394:ERROR:filesystem_win.cc(129)] GetFileAttributes C:\Users\ANJI\AppData\Local\Google\Chrome Beta\User Data\Crashpad\attachments\a2f0d666-ccf3-4fa4-ae47-8dcd2c45c9de: The system cannot find the path specified. (0x3)
[0904/105210.400:ERROR:filesystem_win.cc(129)] GetFileAttributes C:\Users\ANJI\AppData\Local\Google\Chrome Beta\User Data\Crashpad\attachments\a3864d27-6aa8-4740-b043-90ef13e54864: The system cannot find the path specified. (0x3)
[0904/105210.412:ERROR:filesystem_win.cc(129)] GetFileAttributes C:\Users\ANJI\AppData\Local\Google\Chrome Beta\User Data\Crashpad\attachments\a3d2614e-d5cd-4688-9090-68ae604cb6ce: The system cannot find the path specified. (0x3)
[0904/105210.421:ERROR:filesystem_win.cc(129)] GetFileAttributes C:\Users\ANJI\AppData\Local\Google\Chrome Beta\User Data\Crashpad\attachments\a58560ec-37c0-4feb-9328-b0b387c80d13: The system cannot find the path specified. (0x3)
[0904/105210.435:ERROR:filesystem_win.cc(129)] GetFileAttributes C:\Users\ANJI\AppData\Local\Google\Chrome Beta\User Data\Crashpad\attachments\a5af8127-bef2-435d-9b01-aaa12ea99f4c: The system cannot find the path specified. (0x3)
[0904/105210.455:ERROR:filesystem_win.cc(129)] GetFileAttributes C:\Users\ANJI\AppData\Local\Google\Chrome Beta\User Data\Crashpad\attachments\a61bfdcf-a958-48a3-95d4-956062d11e27: The system cannot find the path specified. (0x3)
[0904/105210.469:ERROR:filesystem_win.cc(129)] GetFileAttributes C:\Users\ANJI\AppData\Local\Google\Chrome Beta\User Data\Crashpad\attachments\a73f0881-4051-4df8-a9eb-e7c3e20df18f: The system cannot find the path specified. (0x3)
[0904/105210.471:ERROR:filesystem_win.cc(129)] GetFileAttributes C:\Users\ANJI\AppData\Local\Google\Chrome Beta\User Data\Crashpad\attachments\a7e22ad6-68ab-418f-9c36-951bd99e6e94: The system cannot find the path specified. (0x3)
[0904/105210.493:ERROR:filesystem_win.cc(129)] GetFileAttributes C:\Users\ANJI\AppData\Local\Google\Chrome Beta\User Data\Crashpad\attachments\a84b5938-b149-4759-b02c-7171279a3912: The system cannot find the path specified. (0x3)
[0904/105210.507:ERROR:filesystem_win.cc(129)] GetFileAttributes C:\Users\ANJI\AppData\Local\Google\Chrome Beta\User Data\Crashpad\attachments\a89ffb24-e303-4405-9543-5145688abc20: The system cannot find the path specified. (0x3)
[0904/105210.509:ERROR:filesystem_win.cc(129)] GetFileAttributes C:\Users\ANJI\AppData\Local\Google\Chrome Beta\User Data\Crashpad\attachments\a9de725d-967f-41f2-ad44-56deec7b6e35: The system cannot find the path specified. (0x3)
[0904/105210.520:ERROR:filesystem_win.cc(129)] GetFileAttributes C:\Users\ANJI\AppData\Local\Google\Chrome Beta\User Data\Crashpad\attachments\ab138c6f-f936-4269-8b84-e69e60867fcb: The system cannot find the path specified. (0x3)
[0904/105210.532:ERROR:filesystem_win.cc(129)] GetFileAttributes C:\Users\ANJI\AppData\Local\Google\Chrome Beta\User Data\Crashpad\attachments\ad72a38c-1db0-45d8-9d85-dac36fa31f57: The system cannot find the path specified. (0x3)
[0904/105210.544:ERROR:filesystem_win.cc(129)] GetFileAttributes C:\Users\ANJI\AppData\Local\Google\Chrome Beta\User Data\Crashpad\attachments\ae075ef6-b167-48b4-8401-8de383cbe062: The system cannot find the path specified. (0x3)
[0904/105210.560:ERROR:filesystem_win.cc(129)] GetFileAttributes C:\Users\ANJI\AppData\Local\Google\Chrome Beta\User Data\Crashpad\attachments\ae7eacd5-c5b8-4455-9563-d7a7bd9ec19a: The system cannot find the path specified. (0x3)
[0904/105210.572:ERROR:filesystem_win.cc(129)] GetFileAttributes C:\Users\ANJI\AppData\Local\Google\Chrome Beta\User Data\Crashpad\attachments\afd58559-4353-4652-b9ba-12a70a4dc658: The system cannot find the path specified. (0x3)
[0904/105210.578:ERROR:filesystem_win.cc(129)] GetFileAttributes C:\Users\ANJI\AppData\Local\Google\Chrome Beta\User Data\Crashpad\attachments\b0e2f980-93da-4cdf-bd79-0ecda2ce83cc: The system cannot find the path specified. (0x3)
[0904/105210.591:ERROR:filesystem_win.cc(129)] GetFileAttributes C:\Users\ANJI\AppData\Local\Google\Chrome Beta\User Data\Crashpad\attachments\b1c798e8-6e7b-4df7-a47c-d2ee95ff1df9: The system cannot find the path specified. (0x3)
[0904/105210.604:ERROR:filesystem_win.cc(129)] GetFileAttributes C:\Users\ANJI\AppData\Local\Google\Chrome Beta\User Data\Crashpad\attachments\b20b2ad6-7ffb-473f-8a34-1903d4981f39: The system cannot find the path specified. (0x3)
[0904/105210.617:ERROR:filesystem_win.cc(129)] GetFileAttributes C:\Users\ANJI\AppData\Local\Google\Chrome Beta\User Data\Crashpad\attachments\b2813c70-e823-4f61-8aac-5445832b2b32: The system cannot find the path specified. (0x3)
[0904/105210.629:ERROR:filesystem_win.cc(129)] GetFileAttributes C:\Users\ANJI\AppData\Local\Google\Chrome Beta\User Data\Crashpad\attachments\b3169082-4117-4512-8de7-8d5269218ba7: The system cannot find the path specified. (0x3)
[0904/105210.631:ERROR:filesystem_win.cc(129)] GetFileAttributes C:\Users\ANJI\AppData\Local\Google\Chrome Beta\User Data\Crashpad\attachments\b3b803bb-fe96-458f-8802-5fdc5e9b7af4: The system cannot find the path specified. (0x3)
[0904/105210.636:ERROR:filesystem_win.cc(129)] GetFileAttributes C:\Users\ANJI\AppData\Local\Google\Chrome Beta\User Data\Crashpad\attachments\b4579825-d07f-46b6-abef-42e459324e98: The system cannot find the path specified. (0x3)
[0904/105210.642:ERROR:filesystem_win.cc(129)] GetFileAttributes C:\Users\ANJI\AppData\Local\Google\Chrome Beta\User Data\Crashpad\attachments\b485dd96-e50e-4703-85f2-35d25d037236: The system cannot find the path specified. (0x3)
[0904/105210.643:ERROR:filesystem_win.cc(129)] GetFileAttributes C:\Users\ANJI\AppData\Local\Google\Chrome Beta\User Data\Crashpad\attachments\b6f28272-84ce-4bbb-b3a7-c8844bb7324f: The system cannot find the path specified. (0x3)
[0904/105210.652:ERROR:filesystem_win.cc(129)] GetFileAttributes C:\Users\ANJI\AppData\Local\Google\Chrome Beta\User Data\Crashpad\attachments\b7b2d5e2-c8ed-4f6f-bb8f-bc07ae2b0fa9: The system cannot find the path specified. (0x3)
[0904/105210.653:ERROR:filesystem_win.cc(129)] GetFileAttributes C:\Users\ANJI\AppData\Local\Google\Chrome Beta\User Data\Crashpad\attachments\b7e76d9f-4701-4034-ae61-306056f9999f: The system cannot find the path specified. (0x3)
[0904/105210.661:ERROR:filesystem_win.cc(129)] GetFileAttributes C:\Users\ANJI\AppData\Local\Google\Chrome Beta\User Data\Crashpad\attachments\b81114d4-c2fa-482a-8cb8-579da7ae4a0f: The system cannot find the path specified. (0x3)
[0904/105210.670:ERROR:filesystem_win.cc(129)] GetFileAttributes C:\Users\ANJI\AppData\Local\Google\Chrome Beta\User Data\Crashpad\attachments\ba8133eb-857b-4f89-acc1-c9077495389f: The system cannot find the path specified. (0x3)
[0904/105210.689:ERROR:filesystem_win.cc(129)] GetFileAttributes C:\Users\ANJI\AppData\Local\Google\Chrome Beta\User Data\Crashpad\attachments\ba81c0c5-a54b-4a18-b9c2-e18d50d4a012: The system cannot find the path specified. (0x3)
[0904/105210.706:ERROR:filesystem_win.cc(129)] GetFileAttributes C:\Users\ANJI\AppData\Local\Google\Chrome Beta\User Data\Crashpad\attachments\bb35f6df-c38b-4e22-8861-acf5e898be19: The system cannot find the path specified. (0x3)
[0904/105210.710:ERROR:filesystem_win.cc(129)] GetFileAttributes C:\Users\ANJI\AppData\Local\Google\Chrome Beta\User Data\Crashpad\attachments\bb73e8d3-dbf0-4ea6-9519-7eb63c3a5fcd: The system cannot find the path specified. (0x3)
[0904/105210.727:ERROR:filesystem_win.cc(129)] GetFileAttributes C:\Users\ANJI\AppData\Local\Google\Chrome Beta\User Data\Crashpad\attachments\bba7d8ce-17af-416f-89c3-18352c97d2fe: The system cannot find the path specified. (0x3)
[0904/105210.747:ERROR:filesystem_win.cc(129)] GetFileAttributes C:\Users\ANJI\AppData\Local\Google\Chrome Beta\User Data\Crashpad\attachments\bbb4371d-638e-44c6-9342-0ebce6fd7da0: The system cannot find the path specified. (0x3)
[0904/105210.777:ERROR:filesystem_win.cc(129)] GetFileAttributes C:\Users\ANJI\AppData\Local\Google\Chrome Beta\User Data\Crashpad\attachments\bc1b0f84-e6de-45ab-aa5b-78e4b4719861: The system cannot find the path specified. (0x3)
[0904/105210.790:ERROR:filesystem_win.cc(129)] GetFileAttributes C:\Users\ANJI\AppData\Local\Google\Chrome Beta\User Data\Crashpad\attachments\bc3d8c95-1e29-438b-885d-a9e3c35b3583: The system cannot find the path specified. (0x3)
[0904/105210.792:ERROR:filesystem_win.cc(129)] GetFileAttributes C:\Users\ANJI\AppData\Local\Google\Chrome Beta\User Data\Crashpad\attachments\be6f9f01-84a9-4ddb-b19c-fab4769a0ea3: The system cannot find the path specified. (0x3)
[0904/105210.805:ERROR:filesystem_win.cc(129)] GetFileAttributes C:\Users\ANJI\AppData\Local\Google\Chrome Beta\User Data\Crashpad\attachments\bea679e3-25a4-478d-b3c3-6b0840642f18: The system cannot find the path specified. (0x3)
[0904/105210.815:ERROR:filesystem_win.cc(129)] GetFileAttributes C:\Users\ANJI\AppData\Local\Google\Chrome Beta\User Data\Crashpad\attachments\c0989cb5-1213-4926-873e-d5662df2e669: The system cannot find the path specified. (0x3)
[0904/105210.816:ERROR:filesystem_win.cc(129)] GetFileAttributes C:\Users\ANJI\AppData\Local\Google\Chrome Beta\User Data\Crashpad\attachments\c1743f08-9be7-4ed3-839f-8f21580f4d91: The system cannot find the path specified. (0x3)
[0904/105210.821:ERROR:filesystem_win.cc(129)] GetFileAttributes C:\Users\ANJI\AppData\Local\Google\Chrome Beta\User Data\Crashpad\attachments\c2a099ad-6956-4c3c-a242-b526a0ec750e: The system cannot find the path specified. (0x3)
[0904/105210.842:ERROR:filesystem_win.cc(129)] GetFileAttributes C:\Users\ANJI\AppData\Local\Google\Chrome Beta\User Data\Crashpad\attachments\c2bc6894-1ec4-4a11-abfc-2870a765cbb8: The system cannot find the path specified. (0x3)
[0904/105210.863:ERROR:filesystem_win.cc(129)] GetFileAttributes C:\Users\ANJI\AppData\Local\Google\Chrome Beta\User Data\Crashpad\attachments\c3038462-62ad-4b97-9165-82494461ab03: The system cannot find the path specified. (0x3)
[0904/105210.871:ERROR:filesystem_win.cc(129)] GetFileAttributes C:\Users\ANJI\AppData\Local\Google\Chrome Beta\User Data\Crashpad\attachments\c3cdb616-c9f1-46ac-a358-9bd50cd01460: The system cannot find the path specified. (0x3)
[0904/105210.872:ERROR:filesystem_win.cc(129)] GetFileAttributes C:\Users\ANJI\AppData\Local\Google\Chrome Beta\User Data\Crashpad\attachments\c400c008-18f8-4ff0-b19b-10853bbee6a4: The system cannot find the path specified. (0x3)
[0904/105210.884:ERROR:filesystem_win.cc(129)] GetFileAttributes C:\Users\ANJI\AppData\Local\Google\Chrome Beta\User Data\Crashpad\attachments\c441b39f-3c25-40af-8bd8-2f2deebed3b9: The system cannot find the path specified. (0x3)
[0904/105210.895:ERROR:filesystem_win.cc(129)] GetFileAttributes C:\Users\ANJI\AppData\Local\Google\Chrome Beta\User Data\Crashpad\attachments\c491a95d-b25f-4d14-a67a-8a27f33abbf1: The system cannot find the path specified. (0x3)
[0904/105210.901:ERROR:filesystem_win.cc(129)] GetFileAttributes C:\Users\ANJI\AppData\Local\Google\Chrome Beta\User Data\Crashpad\attachments\c53cdda6-7f51-44de-90b9-e0f85cb3503f: The system cannot find the path specified. (0x3)
[0904/105210.911:ERROR:filesystem_win.cc(129)] GetFileAttributes C:\Users\ANJI\AppData\Local\Google\Chrome Beta\User Data\Crashpad\attachments\c53dfe6f-8fe8-467f-b3dd-adc059ec0500: The system cannot find the path specified. (0x3)
[0904/105210.912:ERROR:filesystem_win.cc(129)] GetFileAttributes C:\Users\ANJI\AppData\Local\Google\Chrome Beta\User Data\Crashpad\attachments\c6393c4f-2c4a-4be8-ac1d-fbf5715cbf60: The system cannot find the path specified. (0x3)
[0904/105211.034:ERROR:filesystem_win.cc(129)] GetFileAttributes C:\Users\ANJI\AppData\Local\Google\Chrome Beta\User Data\Crashpad\attachments\c6c0806a-6ca6-4fc8-a3fb-aa0b5c7f5922: The system cannot find the path specified. (0x3)
[0904/105211.052:ERROR:filesystem_win.cc(129)] GetFileAttributes C:\Users\ANJI\AppData\Local\Google\Chrome Beta\User Data\Crashpad\attachments\c8f9994c-3938-4fb0-96a1-5646186915fa: The system cannot find the path specified. (0x3)
[0904/105211.053:ERROR:filesystem_win.cc(129)] GetFileAttributes C:\Users\ANJI\AppData\Local\Google\Chrome Beta\User Data\Crashpad\attachments\ca930b90-4570-474c-9dee-ccf39b783ab3: The system cannot find the path specified. (0x3)
[0904/105211.061:ERROR:filesystem_win.cc(129)] GetFileAttributes C:\Users\ANJI\AppData\Local\Google\Chrome Beta\User Data\Crashpad\attachments\cb17993c-9ee4-42fb-994e-cb14d384f9b1: The system cannot find the path specified. (0x3)
[0904/105211.062:ERROR:filesystem_win.cc(129)] GetFileAttributes C:\Users\ANJI\AppData\Local\Google\Chrome Beta\User Data\Crashpad\attachments\cd28edbd-8b0f-4e74-950e-197b0ec5e175: The system cannot find the path specified. (0x3)
[0904/105211.072:ERROR:filesystem_win.cc(129)] GetFileAttributes C:\Users\ANJI\AppData\Local\Google\Chrome Beta\User Data\Crashpad\attachments\cdbed7c7-666e-4693-b222-dc40f140d7eb: The system cannot find the path specified. (0x3)
[0904/105211.073:ERROR:filesystem_win.cc(129)] GetFileAttributes C:\Users\ANJI\AppData\Local\Google\Chrome Beta\User Data\Crashpad\attachments\cdf5f3f6-ac87-49c8-b54b-dd3de63496a8: The system cannot find the path specified. (0x3)
[0904/105211.075:ERROR:filesystem_win.cc(129)] GetFileAttributes C:\Users\ANJI\AppData\Local\Google\Chrome Beta\User Data\Crashpad\attachments\ce44dbae-b5c5-469d-a862-a705ffcffb7f: The system cannot find the path specified. (0x3)
[0904/105211.084:ERROR:filesystem_win.cc(129)] GetFileAttributes C:\Users\ANJI\AppData\Local\Google\Chrome Beta\User Data\Crashpad\attachments\cf4bc282-ba2a-4528-ba27-9248c3efdcdb: The system cannot find the path specified. (0x3)
[0904/105211.090:ERROR:filesystem_win.cc(129)] GetFileAttributes C:\Users\ANJI\AppData\Local\Google\Chrome Beta\User Data\Crashpad\attachments\cfa8cfca-3f19-480f-aca5-b30f71447e07: The system cannot find the path specified. (0x3)
[0904/105211.095:ERROR:filesystem_win.cc(129)] GetFileAttributes C:\Users\ANJI\AppData\Local\Google\Chrome Beta\User Data\Crashpad\attachments\d00a1b02-4d3c-43e8-9ff8-b7960e6259d4: The system cannot find the path specified. (0x3)
[0904/105211.104:ERROR:filesystem_win.cc(129)] GetFileAttributes C:\Users\ANJI\AppData\Local\Google\Chrome Beta\User Data\Crashpad\attachments\d0a84d5c-2664-47a4-8645-0c5bc7a442d0: The system cannot find the path specified. (0x3)
[0904/105211.105:ERROR:filesystem_win.cc(129)] GetFileAttributes C:\Users\ANJI\AppData\Local\Google\Chrome Beta\User Data\Crashpad\attachments\d2430a75-f70e-4462-95a9-07b102e85396: The system cannot find the path specified. (0x3)
[0904/105211.106:ERROR:filesystem_win.cc(129)] GetFileAttributes C:\Users\ANJI\AppData\Local\Google\Chrome Beta\User Data\Crashpad\attachments\d276062e-f524-49c8-9c52-061741cbe3a3: The system cannot find the path specified. (0x3)
[0904/105211.122:ERROR:filesystem_win.cc(129)] GetFileAttributes C:\Users\ANJI\AppData\Local\Google\Chrome Beta\User Data\Crashpad\attachments\d2d71a04-4ebb-49c7-b0d8-03066f828a56: The system cannot find the path specified. (0x3)
[0904/105211.123:ERROR:filesystem_win.cc(129)] GetFileAttributes C:\Users\ANJI\AppData\Local\Google\Chrome Beta\User Data\Crashpad\attachments\d3b1edcd-4c44-4921-917f-07205e34b270: The system cannot find the path specified. (0x3)
[0904/105211.138:ERROR:filesystem_win.cc(129)] GetFileAttributes C:\Users\ANJI\AppData\Local\Google\Chrome Beta\User Data\Crashpad\attachments\d46a947f-2411-47eb-a5fd-cc2b24d82b72: The system cannot find the path specified. (0x3)
[0904/105211.150:ERROR:filesystem_win.cc(129)] GetFileAttributes C:\Users\ANJI\AppData\Local\Google\Chrome Beta\User Data\Crashpad\attachments\d4ebbdc2-19c0-4144-b31c-1f1dd3cccbd1: The system cannot find the path specified. (0x3)
[0904/105211.172:ERROR:filesystem_win.cc(129)] GetFileAttributes C:\Users\ANJI\AppData\Local\Google\Chrome Beta\User Data\Crashpad\attachments\d5d8cce5-c032-4ff9-897a-a245e1b8a58f: The system cannot find the path specified. (0x3)
[0904/105211.177:ERROR:filesystem_win.cc(129)] GetFileAttributes C:\Users\ANJI\AppData\Local\Google\Chrome Beta\User Data\Crashpad\attachments\d67e02c5-5070-46e5-942a-29c2e2a001a6: The system cannot find the path specified. (0x3)
[0904/105211.179:ERROR:filesystem_win.cc(129)] GetFileAttributes C:\Users\ANJI\AppData\Local\Google\Chrome Beta\User Data\Crashpad\attachments\d8b6a851-052c-4629-b84c-f6092855bfab: The system cannot find the path specified. (0x3)
[0904/105211.180:ERROR:filesystem_win.cc(129)] GetFileAttributes C:\Users\ANJI\AppData\Local\Google\Chrome Beta\User Data\Crashpad\attachments\dba8714d-6abb-420d-9a9d-530e9a50a360: The system cannot find the path specified. (0x3)
[0904/105211.188:ERROR:filesystem_win.cc(129)] GetFileAttributes C:\Users\ANJI\AppData\Local\Google\Chrome Beta\User Data\Crashpad\attachments\dd612c35-de01-4b0e-a099-676aba65350e: The system cannot find the path specified. (0x3)
[0904/105211.206:ERROR:filesystem_win.cc(129)] GetFileAttributes C:\Users\ANJI\AppData\Local\Google\Chrome Beta\User Data\Crashpad\attachments\dd6f7ca6-8cb5-44a9-b6b1-34bb7cf5773c: The system cannot find the path specified. (0x3)
[0904/105211.227:ERROR:filesystem_win.cc(129)] GetFileAttributes C:\Users\ANJI\AppData\Local\Google\Chrome Beta\User Data\Crashpad\attachments\df85289c-ddf2-4282-a311-e04fce0b8988: The system cannot find the path specified. (0x3)
[0904/105211.234:ERROR:filesystem_win.cc(129)] GetFileAttributes C:\Users\ANJI\AppData\Local\Google\Chrome Beta\User Data\Crashpad\attachments\dfc7f996-86c5-45cf-939e-a967c29ee466: The system cannot find the path specified. (0x3)
[0904/105211.245:ERROR:filesystem_win.cc(129)] GetFileAttributes C:\Users\ANJI\AppData\Local\Google\Chrome Beta\User Data\Crashpad\attachments\e0a5c6fc-0fd1-4769-9adf-b8a5fb73fec0: The system cannot find the path specified. (0x3)
[0904/105211.247:ERROR:filesystem_win.cc(129)] GetFileAttributes C:\Users\ANJI\AppData\Local\Google\Chrome Beta\User Data\Crashpad\attachments\e0c1a137-7b48-4b61-96d2-c91c25387143: The system cannot find the path specified. (0x3)
[0904/105211.258:ERROR:filesystem_win.cc(129)] GetFileAttributes C:\Users\ANJI\AppData\Local\Google\Chrome Beta\User Data\Crashpad\attachments\e135bd3d-01fb-4af8-bf82-b614139f2531: The system cannot find the path specified. (0x3)
[0904/105211.266:ERROR:filesystem_win.cc(129)] GetFileAttributes C:\Users\ANJI\AppData\Local\Google\Chrome Beta\User Data\Crashpad\attachments\e1d0be86-8d6d-48b5-b4ce-75e8ca2dca06: The system cannot find the path specified. (0x3)
[0904/105211.284:ERROR:filesystem_win.cc(129)] GetFileAttributes C:\Users\ANJI\AppData\Local\Google\Chrome Beta\User Data\Crashpad\attachments\e33cd753-7b7f-4375-b492-afa541e52a0f: The system cannot find the path specified. (0x3)
[0904/105211.302:ERROR:filesystem_win.cc(129)] GetFileAttributes C:\Users\ANJI\AppData\Local\Google\Chrome Beta\User Data\Crashpad\attachments\e348db74-777b-4227-9cc0-830fb085ddbd: The system cannot find the path specified. (0x3)
[0904/105211.312:ERROR:filesystem_win.cc(129)] GetFileAttributes C:\Users\ANJI\AppData\Local\Google\Chrome Beta\User Data\Crashpad\attachments\e4f0607b-6b9b-4a3b-98a1-d32bffbc771d: The system cannot find the path specified. (0x3)
[0904/105211.313:ERROR:filesystem_win.cc(129)] GetFileAttributes C:\Users\ANJI\AppData\Local\Google\Chrome Beta\User Data\Crashpad\attachments\e6303645-b226-4c40-aeed-1a67f264e0d1: The system cannot find the path specified. (0x3)
[0904/105211.340:ERROR:filesystem_win.cc(129)] GetFileAttributes C:\Users\ANJI\AppData\Local\Google\Chrome Beta\User Data\Crashpad\attachments\e6719bc3-7a48-4833-a315-8b72f3fe36f8: The system cannot find the path specified. (0x3)
[0904/105211.341:ERROR:filesystem_win.cc(129)] GetFileAttributes C:\Users\ANJI\AppData\Local\Google\Chrome Beta\User Data\Crashpad\attachments\e6892668-3ea6-414a-9590-3d8db7c3c263: The system cannot find the path specified. (0x3)
[0904/105211.351:ERROR:filesystem_win.cc(129)] GetFileAttributes C:\Users\ANJI\AppData\Local\Google\Chrome Beta\User Data\Crashpad\attachments\e6bc9076-9552-4de6-8e20-aaa2818767f7: The system cannot find the path specified. (0x3)
[0904/105211.352:ERROR:filesystem_win.cc(129)] GetFileAttributes C:\Users\ANJI\AppData\Local\Google\Chrome Beta\User Data\Crashpad\attachments\e72c05b9-f7b7-4974-9a98-b50299d9436e: The system cannot find the path specified. (0x3)
[0904/105211.353:ERROR:filesystem_win.cc(129)] GetFileAttributes C:\Users\ANJI\AppData\Local\Google\Chrome Beta\User Data\Crashpad\attachments\e761556b-370c-4706-9266-f493cb3f76c6: The system cannot find the path specified. (0x3)
[0904/105211.366:ERROR:filesystem_win.cc(129)] GetFileAttributes C:\Users\ANJI\AppData\Local\Google\Chrome Beta\User Data\Crashpad\attachments\e79a4e6b-72e8-41d7-972f-9c9e87edb4d3: The system cannot find the path specified. (0x3)
[0904/105211.378:ERROR:filesystem_win.cc(129)] GetFileAttributes C:\Users\ANJI\AppData\Local\Google\Chrome Beta\User Data\Crashpad\attachments\e7a42530-cdbd-4a5e-9739-7fcfb970ab09: The system cannot find the path specified. (0x3)
[0904/105211.403:ERROR:filesystem_win.cc(129)] GetFileAttributes C:\Users\ANJI\AppData\Local\Google\Chrome Beta\User Data\Crashpad\attachments\e8933079-a0f0-494c-9c8a-43d587937de6: The system cannot find the path specified. (0x3)
[0904/105211.406:ERROR:filesystem_win.cc(129)] GetFileAttributes C:\Users\ANJI\AppData\Local\Google\Chrome Beta\User Data\Crashpad\attachments\e94617f1-97db-40d9-959b-4d3a4988a16d: The system cannot find the path specified. (0x3)
[0904/105211.418:ERROR:filesystem_win.cc(129)] GetFileAttributes C:\Users\ANJI\AppData\Local\Google\Chrome Beta\User Data\Crashpad\attachments\e94e6ccb-2017-4612-a856-c13a4ede7c44: The system cannot find the path specified. (0x3)
[0904/105211.433:ERROR:filesystem_win.cc(129)] GetFileAttributes C:\Users\ANJI\AppData\Local\Google\Chrome Beta\User Data\Crashpad\attachments\e9b9724f-f55f-4912-89ba-da4ad534a8cf: The system cannot find the path specified. (0x3)
[0904/105211.439:ERROR:filesystem_win.cc(129)] GetFileAttributes C:\Users\ANJI\AppData\Local\Google\Chrome Beta\User Data\Crashpad\attachments\e9c1b76a-dfb6-49c6-a668-4b82c6c25044: The system cannot find the path specified. (0x3)
[0904/105211.448:ERROR:filesystem_win.cc(129)] GetFileAttributes C:\Users\ANJI\AppData\Local\Google\Chrome Beta\User Data\Crashpad\attachments\ea00821a-e71b-4129-8163-f59dc87f5146: The system cannot find the path specified. (0x3)
[0904/105211.461:ERROR:filesystem_win.cc(129)] GetFileAttributes C:\Users\ANJI\AppData\Local\Google\Chrome Beta\User Data\Crashpad\attachments\ea96afb9-4d0b-4d94-a07e-db9ecd7cf266: The system cannot find the path specified. (0x3)
[0904/105211.470:ERROR:filesystem_win.cc(129)] GetFileAttributes C:\Users\ANJI\AppData\Local\Google\Chrome Beta\User Data\Crashpad\attachments\eb087c87-3b5d-4e65-9adb-d21ac81252c0: The system cannot find the path specified. (0x3)
[0904/105211.502:ERROR:filesystem_win.cc(129)] GetFileAttributes C:\Users\ANJI\AppData\Local\Google\Chrome Beta\User Data\Crashpad\attachments\ebfca70d-cee3-4c6a-a005-0bb895351096: The system cannot find the path specified. (0x3)
[0904/105211.514:ERROR:filesystem_win.cc(129)] GetFileAttributes C:\Users\ANJI\AppData\Local\Google\Chrome Beta\User Data\Crashpad\attachments\ec115198-5db8-4815-8d0a-e07f3f516642: The system cannot find the path specified. (0x3)
[0904/105211.515:ERROR:filesystem_win.cc(129)] GetFileAttributes C:\Users\ANJI\AppData\Local\Google\Chrome Beta\User Data\Crashpad\attachments\ed4abac0-aba3-4a65-9b84-9a7f0f1f539a: The system cannot find the path specified. (0x3)
[0904/105211.534:ERROR:filesystem_win.cc(129)] GetFileAttributes C:\Users\ANJI\AppData\Local\Google\Chrome Beta\User Data\Crashpad\attachments\ee0e29a5-66a2-440b-b039-c9ae7a5ba1b1: The system cannot find the path specified. (0x3)
[0904/105211.535:ERROR:filesystem_win.cc(129)] GetFileAttributes C:\Users\ANJI\AppData\Local\Google\Chrome Beta\User Data\Crashpad\attachments\efa30d71-ebe1-497d-acfb-93d6d8d670f0: The system cannot find the path specified. (0x3)
[0904/105211.549:ERROR:filesystem_win.cc(129)] GetFileAttributes C:\Users\ANJI\AppData\Local\Google\Chrome Beta\User Data\Crashpad\attachments\f0688b2e-4baf-4334-90bb-26708902a3ef: The system cannot find the path specified. (0x3)
[0904/105211.569:ERROR:filesystem_win.cc(129)] GetFileAttributes C:\Users\ANJI\AppData\Local\Google\Chrome Beta\User Data\Crashpad\attachments\f2929eb9-62d1-4a12-b230-dd835f8b01b3: The system cannot find the path specified. (0x3)
[0904/105211.576:ERROR:filesystem_win.cc(129)] GetFileAttributes C:\Users\ANJI\AppData\Local\Google\Chrome Beta\User Data\Crashpad\attachments\f3073e55-faf5-45b9-aec9-fc070339684c: The system cannot find the path specified. (0x3)
[0904/105211.595:ERROR:filesystem_win.cc(129)] GetFileAttributes C:\Users\ANJI\AppData\Local\Google\Chrome Beta\User Data\Crashpad\attachments\f31e4f52-00e4-40da-996f-2219339839f9: The system cannot find the path specified. (0x3)
[0904/105211.596:ERROR:filesystem_win.cc(129)] GetFileAttributes C:\Users\ANJI\AppData\Local\Google\Chrome Beta\User Data\Crashpad\attachments\f34cd897-fff8-4580-97c2-5192147aeb1f: The system cannot find the path specified. (0x3)
[0904/105211.600:ERROR:filesystem_win.cc(129)] GetFileAttributes C:\Users\ANJI\AppData\Local\Google\Chrome Beta\User Data\Crashpad\attachments\f49549e5-4a19-4b13-a41d-0cf01bb00215: The system cannot find the path specified. (0x3)
[0904/105211.604:ERROR:filesystem_win.cc(129)] GetFileAttributes C:\Users\ANJI\AppData\Local\Google\Chrome Beta\User Data\Crashpad\attachments\f4a798e2-de74-4a1e-8a35-cc3950722cb1: The system cannot find the path specified. (0x3)
[0904/105211.615:ERROR:filesystem_win.cc(129)] GetFileAttributes C:\Users\ANJI\AppData\Local\Google\Chrome Beta\User Data\Crashpad\attachments\f50d9c19-f1ff-4d54-b6e1-f06147c87b8e: The system cannot find the path specified. (0x3)
[0904/105211.628:ERROR:filesystem_win.cc(129)] GetFileAttributes C:\Users\ANJI\AppData\Local\Google\Chrome Beta\User Data\Crashpad\attachments\f5388f3b-be69-41ae-aee0-934d41aadb24: The system cannot find the path specified. (0x3)
[0904/105211.638:ERROR:filesystem_win.cc(129)] GetFileAttributes C:\Users\ANJI\AppData\Local\Google\Chrome Beta\User Data\Crashpad\attachments\f549d535-fb0b-4cc1-85da-f6ed495c00b0: The system cannot find the path specified. (0x3)
[0904/105211.651:ERROR:filesystem_win.cc(129)] GetFileAttributes C:\Users\ANJI\AppData\Local\Google\Chrome Beta\User Data\Crashpad\attachments\f765a6cc-a9c5-4a95-956e-9be4e64ffc91: The system cannot find the path specified. (0x3)
[0904/105211.662:ERROR:filesystem_win.cc(129)] GetFileAttributes C:\Users\ANJI\AppData\Local\Google\Chrome Beta\User Data\Crashpad\attachments\f78d2343-f1fb-4d2d-b649-a2b4c725189d: The system cannot find the path specified. (0x3)
[0904/105211.680:ERROR:filesystem_win.cc(129)] GetFileAttributes C:\Users\ANJI\AppData\Local\Google\Chrome Beta\User Data\Crashpad\attachments\fa7573ab-6456-486f-a0b2-f52b28894a3e: The system cannot find the path specified. (0x3)
[0904/105211.681:ERROR:filesystem_win.cc(129)] GetFileAttributes C:\Users\ANJI\AppData\Local\Google\Chrome Beta\User Data\Crashpad\attachments\fa980b9b-d962-4974-8c4e-b14676a45fb1: The system cannot find the path specified. (0x3)
[0904/105211.683:ERROR:filesystem_win.cc(129)] GetFileAttributes C:\Users\ANJI\AppData\Local\Google\Chrome Beta\User Data\Crashpad\attachments\fb640a32-d989-405c-8a5a-fc12a70fbbe3: The system cannot find the path specified. (0x3)
[0904/105211.692:ERROR:filesystem_win.cc(129)] GetFileAttributes C:\Users\ANJI\AppData\Local\Google\Chrome Beta\User Data\Crashpad\attachments\fc13c5a4-00d3-4d87-8b80-a3b240325605: The system cannot find the path specified. (0x3)
[0904/105211.700:ERROR:filesystem_win.cc(129)] GetFileAttributes C:\Users\ANJI\AppData\Local\Google\Chrome Beta\User Data\Crashpad\attachments\fda7aecf-421b-4a1d-9e82-7864857c21a6: The system cannot find the path specified. (0x3)
[0904/105211.705:ERROR:filesystem_win.cc(129)] GetFileAttributes C:\Users\ANJI\AppData\Local\Google\Chrome Beta\User Data\Crashpad\attachments\ff3865d0-ec5c-4ecb-b5e5-d23af0714a58: The system cannot find the path specified. (0x3)
[0904/105211.739:ERROR:filesystem_win.cc(129)] GetFileAttributes C:\Users\ANJI\AppData\Local\Google\Chrome Beta\User Data\Crashpad\attachments\ffb0ee69-0e98-4d02-ab0c-4f3974233048: The system cannot find the path specified. (0x3)
[0904/105211.749:ERROR:filesystem_win.cc(129)] GetFileAttributes C:\Users\ANJI\AppData\Local\Google\Chrome Beta\User Data\Crashpad\attachments\fffe0a95-f2ce-4929-a2e2-f8b35bdc808c: The system cannot find the path specified. (0x3)
[0904/105211.752:ERROR:directory_reader_win.cc(43)] FindFirstFile: The system cannot find the path specified. (0x3)
